17:36:59 [main] INFO  com.i2i.App - MSISDN: 04376076044
17:36:59 [main] WARN  com.i2i.App - Location: TURKEY
17:36:59 [main] ERROR com.i2i.App - Service: VOICE
17:36:59 [main] FATAL com.i2i.App - Amount: 2576
17:36:59 [main] INFO  com.i2i.App - MSISDN: 07922106384
17:36:59 [main] WARN  com.i2i.App - Location: TURKEY
17:36:59 [main] ERROR com.i2i.App - Service: SMS
17:36:59 [main] FATAL com.i2i.App - Amount: 1
17:36:59 [main] INFO  com.i2i.App - MSISDN: 01523089194
17:36:59 [main] WARN  com.i2i.App - Location: OTHER
17:36:59 [main] ERROR com.i2i.App - Service: SMS
17:36:59 [main] FATAL com.i2i.App - Amount: 1
17:36:59 [main] INFO  com.i2i.App - MSISDN: 06771261380
17:36:59 [main] WARN  com.i2i.App - Location: TURKEY
17:36:59 [main] ERROR com.i2i.App - Service: DATA
17:36:59 [main] FATAL com.i2i.App - Amount: 994892023
17:36:59 [main] INFO  com.i2i.App - MSISDN: 07862761061
17:36:59 [main] WARN  com.i2i.App - Location: RUSSIA
17:36:59 [main] ERROR com.i2i.App - Service: DATA
17:36:59 [main] FATAL com.i2i.App - Amount: 281974818
17:36:59 [main] INFO  com.i2i.App - MSISDN: 03672402490
17:36:59 [main] WARN  com.i2i.App - Location: TURKEY
17:36:59 [main] ERROR com.i2i.App - Service: DATA
17:36:59 [main] FATAL com.i2i.App - Amount: 152655587
17:36:59 [main] INFO  com.i2i.App - MSISDN: 06182612985
17:36:59 [main] WARN  com.i2i.App - Location: TURKEY
17:36:59 [main] ERROR com.i2i.App - Service: DATA
17:36:59 [main] FATAL com.i2i.App - Amount: 767362260
17:36:59 [main] INFO  com.i2i.App - MSISDN: 01372299478
17:36:59 [main] WARN  com.i2i.App - Location: TURKEY
17:36:59 [main] ERROR com.i2i.App - Service: VOICE
17:36:59 [main] FATAL com.i2i.App - Amount: 1749
17:36:59 [main] INFO  com.i2i.App - MSISDN: 07137479428
17:36:59 [main] WARN  com.i2i.App - Location: TURKEY
17:36:59 [main] ERROR com.i2i.App - Service: DATA
17:36:59 [main] FATAL com.i2i.App - Amount: 135737372
17:36:59 [main] INFO  com.i2i.App - MSISDN: 01052960723
17:36:59 [main] WARN  com.i2i.App - Location: NORTHAMERICA
17:36:59 [main] ERROR com.i2i.App - Service: SMS
17:36:59 [main] FATAL com.i2i.App - Amount: 1
17:36:59 [main] INFO  com.i2i.App - MSISDN: 09712151689
17:36:59 [main] WARN  com.i2i.App - Location: NORTHERNCYPRUS
17:36:59 [main] ERROR com.i2i.App - Service: SMS
17:36:59 [main] FATAL com.i2i.App - Amount: 1
17:36:59 [main] INFO  com.i2i.App - MSISDN: 07331972034
17:36:59 [main] WARN  com.i2i.App - Location: TURKEY
17:36:59 [main] ERROR com.i2i.App - Service: DATA
17:36:59 [main] FATAL com.i2i.App - Amount: 1118261980
17:36:59 [main] INFO  com.i2i.App - MSISDN: 01088172507
17:36:59 [main] WARN  com.i2i.App - Location: TURKEY
17:36:59 [main] ERROR com.i2i.App - Service: VOICE
17:36:59 [main] FATAL com.i2i.App - Amount: 1251
17:36:59 [main] INFO  com.i2i.App - MSISDN: 07451266944
17:36:59 [main] WARN  com.i2i.App - Location: TURKEY
17:36:59 [main] ERROR com.i2i.App - Service: SMS
17:36:59 [main] FATAL com.i2i.App - Amount: 1
17:36:59 [main] INFO  com.i2i.App - MSISDN: 08476522228
17:36:59 [main] WARN  com.i2i.App - Location: EUROPE
17:36:59 [main] ERROR com.i2i.App - Service: VOICE
17:36:59 [main] FATAL com.i2i.App - Amount: 415
17:36:59 [main] INFO  com.i2i.App - MSISDN: 09691680379
17:36:59 [main] WARN  com.i2i.App - Location: NORTHAMERICA
17:36:59 [main] ERROR com.i2i.App - Service: DATA
17:36:59 [main] FATAL com.i2i.App - Amount: 321385485
17:36:59 [main] INFO  com.i2i.App - MSISDN: 02258203457
17:36:59 [main] WARN  com.i2i.App - Location: NORTHERNCYPRUS
17:36:59 [main] ERROR com.i2i.App - Service: SMS
17:36:59 [main] FATAL com.i2i.App - Amount: 1
17:36:59 [main] INFO  com.i2i.App - MSISDN: 01811469513
17:36:59 [main] WARN  com.i2i.App - Location: NORTHERNCYPRUS
17:36:59 [main] ERROR com.i2i.App - Service: DATA
17:36:59 [main] FATAL com.i2i.App - Amount: 1055654619
17:36:59 [main] INFO  com.i2i.App - MSISDN: 09766377149
17:36:59 [main] WARN  com.i2i.App - Location: TURKEY
17:36:59 [main] ERROR com.i2i.App - Service: VOICE
17:36:59 [main] FATAL com.i2i.App - Amount: 49
17:36:59 [main] INFO  com.i2i.App - MSISDN: 00566403454
17:36:59 [main] WARN  com.i2i.App - Location: TURKEY
17:36:59 [main] ERROR com.i2i.App - Service: DATA
17:36:59 [main] FATAL com.i2i.App - Amount: 386902031
17:36:59 [main] INFO  com.i2i.App - MSISDN: 05578035726
17:36:59 [main] WARN  com.i2i.App - Location: RUSSIA
17:36:59 [main] ERROR com.i2i.App - Service: VOICE
17:36:59 [main] FATAL com.i2i.App - Amount: 2780
17:36:59 [main] INFO  com.i2i.App - MSISDN: 04651478621
17:36:59 [main] WARN  com.i2i.App - Location: TURKEY
17:36:59 [main] ERROR com.i2i.App - Service: SMS
17:36:59 [main] FATAL com.i2i.App - Amount: 1
17:36:59 [main] INFO  com.i2i.App - MSISDN: 08203771988
17:36:59 [main] WARN  com.i2i.App - Location: TURKEY
17:36:59 [main] ERROR com.i2i.App - Service: DATA
17:36:59 [main] FATAL com.i2i.App - Amount: 684083251
17:36:59 [main] INFO  com.i2i.App - MSISDN: 06645769545
17:36:59 [main] WARN  com.i2i.App - Location: TURKEY
17:36:59 [main] ERROR com.i2i.App - Service: VOICE
17:36:59 [main] FATAL com.i2i.App - Amount: 2562
17:36:59 [main] INFO  com.i2i.App - MSISDN: 05497353613
17:36:59 [main] WARN  com.i2i.App - Location: TURKEY
17:36:59 [main] ERROR com.i2i.App - Service: DATA
17:36:59 [main] FATAL com.i2i.App - Amount: 852161258
17:36:59 [main] INFO  com.i2i.App - MSISDN: 04243415938
17:36:59 [main] WARN  com.i2i.App - Location: EUROPE
17:36:59 [main] ERROR com.i2i.App - Service: VOICE
17:36:59 [main] FATAL com.i2i.App - Amount: 3469
17:36:59 [main] INFO  com.i2i.App - MSISDN: 07915765474
17:36:59 [main] WARN  com.i2i.App - Location: TURKEY
17:36:59 [main] ERROR com.i2i.App - Service: DATA
17:36:59 [main] FATAL com.i2i.App - Amount: 671891271
17:36:59 [main] INFO  com.i2i.App - MSISDN: 02356114964
17:36:59 [main] WARN  com.i2i.App - Location: TURKEY
17:36:59 [main] ERROR com.i2i.App - Service: DATA
17:36:59 [main] FATAL com.i2i.App - Amount: 1192639847
17:36:59 [main] INFO  com.i2i.App - MSISDN: 03311588526
17:36:59 [main] WARN  com.i2i.App - Location: TURKEY
17:36:59 [main] ERROR com.i2i.App - Service: DATA
17:36:59 [main] FATAL com.i2i.App - Amount: 1208917566
17:36:59 [main] INFO  com.i2i.App - MSISDN: 02728142078
17:36:59 [main] WARN  com.i2i.App - Location: TURKEY
17:36:59 [main] ERROR com.i2i.App - Service: SMS
17:36:59 [main] FATAL com.i2i.App - Amount: 1
17:36:59 [main] INFO  com.i2i.App - MSISDN: 05748746229
17:36:59 [main] WARN  com.i2i.App - Location: TURKEY
17:36:59 [main] ERROR com.i2i.App - Service: SMS
17:36:59 [main] FATAL com.i2i.App - Amount: 1
17:36:59 [main] INFO  com.i2i.App - MSISDN: 08854108407
17:36:59 [main] WARN  com.i2i.App - Location: TURKEY
17:36:59 [main] ERROR com.i2i.App - Service: SMS
17:36:59 [main] FATAL com.i2i.App - Amount: 1
17:36:59 [main] INFO  com.i2i.App - MSISDN: 07485648668
17:36:59 [main] WARN  com.i2i.App - Location: TURKEY
17:36:59 [main] ERROR com.i2i.App - Service: DATA
17:36:59 [main] FATAL com.i2i.App - Amount: 157088823
17:36:59 [main] INFO  com.i2i.App - MSISDN: 03138898984
17:36:59 [main] WARN  com.i2i.App - Location: TURKEY
17:36:59 [main] ERROR com.i2i.App - Service: DATA
17:36:59 [main] FATAL com.i2i.App - Amount: 874582387
17:36:59 [main] INFO  com.i2i.App - MSISDN: 02674693314
17:36:59 [main] WARN  com.i2i.App - Location: TURKEY
17:36:59 [main] ERROR com.i2i.App - Service: DATA
17:36:59 [main] FATAL com.i2i.App - Amount: 279414280
17:36:59 [main] INFO  com.i2i.App - MSISDN: 01302793580
17:36:59 [main] WARN  com.i2i.App - Location: TURKEY
17:36:59 [main] ERROR com.i2i.App - Service: VOICE
17:36:59 [main] FATAL com.i2i.App - Amount: 952
17:36:59 [main] INFO  com.i2i.App - MSISDN: 05304580318
17:36:59 [main] WARN  com.i2i.App - Location: OTHER
17:36:59 [main] ERROR com.i2i.App - Service: SMS
17:36:59 [main] FATAL com.i2i.App - Amount: 1
17:36:59 [main] INFO  com.i2i.App - MSISDN: 06605819834
17:36:59 [main] WARN  com.i2i.App - Location: OTHER
17:36:59 [main] ERROR com.i2i.App - Service: VOICE
17:36:59 [main] FATAL com.i2i.App - Amount: 1229
17:36:59 [main] INFO  com.i2i.App - MSISDN: 08480602184
17:36:59 [main] WARN  com.i2i.App - Location: TURKEY
17:36:59 [main] ERROR com.i2i.App - Service: SMS
17:36:59 [main] FATAL com.i2i.App - Amount: 1
17:36:59 [main] INFO  com.i2i.App - MSISDN: 06623511914
17:36:59 [main] WARN  com.i2i.App - Location: EUROPE
17:36:59 [main] ERROR com.i2i.App - Service: SMS
17:36:59 [main] FATAL com.i2i.App - Amount: 1
17:36:59 [main] INFO  com.i2i.App - MSISDN: 08548966836
17:36:59 [main] WARN  com.i2i.App - Location: TURKEY
17:36:59 [main] ERROR com.i2i.App - Service: VOICE
17:36:59 [main] FATAL com.i2i.App - Amount: 3384
17:36:59 [main] INFO  com.i2i.App - MSISDN: 02219112443
17:36:59 [main] WARN  com.i2i.App - Location: TURKEY
17:36:59 [main] ERROR com.i2i.App - Service: SMS
17:36:59 [main] FATAL com.i2i.App - Amount: 1
17:36:59 [main] INFO  com.i2i.App - MSISDN: 00273604613
17:36:59 [main] WARN  com.i2i.App - Location: TURKEY
17:36:59 [main] ERROR com.i2i.App - Service: DATA
17:36:59 [main] FATAL com.i2i.App - Amount: 668187177
17:36:59 [main] INFO  com.i2i.App - MSISDN: 08216605993
17:36:59 [main] WARN  com.i2i.App - Location: TURKEY
17:36:59 [main] ERROR com.i2i.App - Service: SMS
17:36:59 [main] FATAL com.i2i.App - Amount: 1
17:36:59 [main] INFO  com.i2i.App - MSISDN: 06107895476
17:36:59 [main] WARN  com.i2i.App - Location: OTHER
17:36:59 [main] ERROR com.i2i.App - Service: DATA
17:36:59 [main] FATAL com.i2i.App - Amount: 996742246
17:36:59 [main] INFO  com.i2i.App - MSISDN: 09894180957
17:36:59 [main] WARN  com.i2i.App - Location: RUSSIA
17:36:59 [main] ERROR com.i2i.App - Service: SMS
17:36:59 [main] FATAL com.i2i.App - Amount: 1
17:36:59 [main] INFO  com.i2i.App - MSISDN: 07430730192
17:36:59 [main] WARN  com.i2i.App - Location: TURKEY
17:36:59 [main] ERROR com.i2i.App - Service: SMS
17:36:59 [main] FATAL com.i2i.App - Amount: 1
17:36:59 [main] INFO  com.i2i.App - MSISDN: 05550359174
17:36:59 [main] WARN  com.i2i.App - Location: TURKEY
17:36:59 [main] ERROR com.i2i.App - Service: SMS
17:36:59 [main] FATAL com.i2i.App - Amount: 1
17:36:59 [main] INFO  com.i2i.App - MSISDN: 04473193992
17:36:59 [main] WARN  com.i2i.App - Location: TURKEY
17:36:59 [main] ERROR com.i2i.App - Service: VOICE
17:36:59 [main] FATAL com.i2i.App - Amount: 2925
17:36:59 [main] INFO  com.i2i.App - MSISDN: 05652200267
17:36:59 [main] WARN  com.i2i.App - Location: TURKEY
17:36:59 [main] ERROR com.i2i.App - Service: DATA
17:36:59 [main] FATAL com.i2i.App - Amount: 816011594
17:36:59 [main] INFO  com.i2i.App - MSISDN: 01853064349
17:36:59 [main] WARN  com.i2i.App - Location: TURKEY
17:36:59 [main] ERROR com.i2i.App - Service: DATA
17:36:59 [main] FATAL com.i2i.App - Amount: 388468501
17:36:59 [main] INFO  com.i2i.App - MSISDN: 07547930981
17:36:59 [main] WARN  com.i2i.App - Location: TURKEY
17:36:59 [main] ERROR com.i2i.App - Service: VOICE
17:36:59 [main] FATAL com.i2i.App - Amount: 916
17:36:59 [main] INFO  com.i2i.App - MSISDN: 00182720022
17:36:59 [main] WARN  com.i2i.App - Location: TURKEY
17:36:59 [main] ERROR com.i2i.App - Service: SMS
17:36:59 [main] FATAL com.i2i.App - Amount: 1
17:36:59 [main] INFO  com.i2i.App - MSISDN: 06256218189
17:36:59 [main] WARN  com.i2i.App - Location: MIDDLEEAST
17:36:59 [main] ERROR com.i2i.App - Service: VOICE
17:36:59 [main] FATAL com.i2i.App - Amount: 3120
17:36:59 [main] INFO  com.i2i.App - MSISDN: 09314454533
17:36:59 [main] WARN  com.i2i.App - Location: MIDDLEEAST
17:36:59 [main] ERROR com.i2i.App - Service: VOICE
17:36:59 [main] FATAL com.i2i.App - Amount: 2082
17:36:59 [main] INFO  com.i2i.App - MSISDN: 06348279422
17:36:59 [main] WARN  com.i2i.App - Location: MIDDLEEAST
17:36:59 [main] ERROR com.i2i.App - Service: VOICE
17:36:59 [main] FATAL com.i2i.App - Amount: 3023
17:36:59 [main] INFO  com.i2i.App - MSISDN: 08100560351
17:36:59 [main] WARN  com.i2i.App - Location: EUROPE
17:36:59 [main] ERROR com.i2i.App - Service: DATA
17:36:59 [main] FATAL com.i2i.App - Amount: 691076668
17:36:59 [main] INFO  com.i2i.App - MSISDN: 09108067828
17:36:59 [main] WARN  com.i2i.App - Location: TURKEY
17:36:59 [main] ERROR com.i2i.App - Service: DATA
17:36:59 [main] FATAL com.i2i.App - Amount: 476855748
17:36:59 [main] INFO  com.i2i.App - MSISDN: 01435636167
17:36:59 [main] WARN  com.i2i.App - Location: TURKEY
17:36:59 [main] ERROR com.i2i.App - Service: SMS
17:36:59 [main] FATAL com.i2i.App - Amount: 1
17:36:59 [main] INFO  com.i2i.App - MSISDN: 09547165088
17:36:59 [main] WARN  com.i2i.App - Location: TURKEY
17:36:59 [main] ERROR com.i2i.App - Service: SMS
17:36:59 [main] FATAL com.i2i.App - Amount: 1
17:36:59 [main] INFO  com.i2i.App - MSISDN: 02097041566
17:36:59 [main] WARN  com.i2i.App - Location: TURKEY
17:36:59 [main] ERROR com.i2i.App - Service: SMS
17:36:59 [main] FATAL com.i2i.App - Amount: 1
17:36:59 [main] INFO  com.i2i.App - MSISDN: 09939209415
17:36:59 [main] WARN  com.i2i.App - Location: TURKEY
17:36:59 [main] ERROR com.i2i.App - Service: VOICE
17:36:59 [main] FATAL com.i2i.App - Amount: 3274
17:36:59 [main] INFO  com.i2i.App - MSISDN: 03238960859
17:36:59 [main] WARN  com.i2i.App - Location: TURKEY
17:36:59 [main] ERROR com.i2i.App - Service: DATA
17:36:59 [main] FATAL com.i2i.App - Amount: 553191887
17:36:59 [main] INFO  com.i2i.App - MSISDN: 05694700604
17:36:59 [main] WARN  com.i2i.App - Location: EUROPE
17:36:59 [main] ERROR com.i2i.App - Service: VOICE
17:36:59 [main] FATAL com.i2i.App - Amount: 1788
17:36:59 [main] INFO  com.i2i.App - MSISDN: 04318432742
17:36:59 [main] WARN  com.i2i.App - Location: TURKEY
17:36:59 [main] ERROR com.i2i.App - Service: VOICE
17:36:59 [main] FATAL com.i2i.App - Amount: 2120
17:36:59 [main] INFO  com.i2i.App - MSISDN: 03503044624
17:36:59 [main] WARN  com.i2i.App - Location: NORTHAMERICA
17:36:59 [main] ERROR com.i2i.App - Service: DATA
17:36:59 [main] FATAL com.i2i.App - Amount: 591213640
17:36:59 [main] INFO  com.i2i.App - MSISDN: 09179783504
17:36:59 [main] WARN  com.i2i.App - Location: TURKEY
17:36:59 [main] ERROR com.i2i.App - Service: DATA
17:36:59 [main] FATAL com.i2i.App - Amount: 290443664
17:36:59 [main] INFO  com.i2i.App - MSISDN: 04204354556
17:36:59 [main] WARN  com.i2i.App - Location: TURKEY
17:36:59 [main] ERROR com.i2i.App - Service: VOICE
17:36:59 [main] FATAL com.i2i.App - Amount: 848
17:36:59 [main] INFO  com.i2i.App - MSISDN: 04567493124
17:36:59 [main] WARN  com.i2i.App - Location: TURKEY
17:36:59 [main] ERROR com.i2i.App - Service: DATA
17:36:59 [main] FATAL com.i2i.App - Amount: 942451793
17:36:59 [main] INFO  com.i2i.App - MSISDN: 08147854826
17:36:59 [main] WARN  com.i2i.App - Location: TURKEY
17:36:59 [main] ERROR com.i2i.App - Service: SMS
17:36:59 [main] FATAL com.i2i.App - Amount: 1
17:36:59 [main] INFO  com.i2i.App - MSISDN: 03546574971
17:36:59 [main] WARN  com.i2i.App - Location: TURKEY
17:36:59 [main] ERROR com.i2i.App - Service: VOICE
17:36:59 [main] FATAL com.i2i.App - Amount: 2177
17:36:59 [main] INFO  com.i2i.App - MSISDN: 00825542276
17:36:59 [main] WARN  com.i2i.App - Location: TURKEY
17:36:59 [main] ERROR com.i2i.App - Service: DATA
17:36:59 [main] FATAL com.i2i.App - Amount: 205687909
17:36:59 [main] INFO  com.i2i.App - MSISDN: 06037827850
17:36:59 [main] WARN  com.i2i.App - Location: NORTHERNCYPRUS
17:36:59 [main] ERROR com.i2i.App - Service: SMS
17:36:59 [main] FATAL com.i2i.App - Amount: 1
17:36:59 [main] INFO  com.i2i.App - MSISDN: 08594634904
17:36:59 [main] WARN  com.i2i.App - Location: TURKEY
17:36:59 [main] ERROR com.i2i.App - Service: SMS
17:36:59 [main] FATAL com.i2i.App - Amount: 1
17:36:59 [main] INFO  com.i2i.App - MSISDN: 09024924063
17:36:59 [main] WARN  com.i2i.App - Location: NORTHAMERICA
17:36:59 [main] ERROR com.i2i.App - Service: DATA
17:36:59 [main] FATAL com.i2i.App - Amount: 1108933493
17:36:59 [main] INFO  com.i2i.App - MSISDN: 09072128833
17:36:59 [main] WARN  com.i2i.App - Location: MIDDLEEAST
17:36:59 [main] ERROR com.i2i.App - Service: SMS
17:36:59 [main] FATAL com.i2i.App - Amount: 1
17:36:59 [main] INFO  com.i2i.App - MSISDN: 03030270751
17:36:59 [main] WARN  com.i2i.App - Location: NORTHAMERICA
17:36:59 [main] ERROR com.i2i.App - Service: SMS
17:36:59 [main] FATAL com.i2i.App - Amount: 1
17:36:59 [main] INFO  com.i2i.App - MSISDN: 03997769449
17:36:59 [main] WARN  com.i2i.App - Location: RUSSIA
17:36:59 [main] ERROR com.i2i.App - Service: DATA
17:36:59 [main] FATAL com.i2i.App - Amount: 1286248270
17:36:59 [main] INFO  com.i2i.App - MSISDN: 07279987300
17:36:59 [main] WARN  com.i2i.App - Location: TURKEY
17:36:59 [main] ERROR com.i2i.App - Service: SMS
17:36:59 [main] FATAL com.i2i.App - Amount: 1
17:36:59 [main] INFO  com.i2i.App - MSISDN: 00699475958
17:36:59 [main] WARN  com.i2i.App - Location: EUROPE
17:36:59 [main] ERROR com.i2i.App - Service: SMS
17:36:59 [main] FATAL com.i2i.App - Amount: 1
17:36:59 [main] INFO  com.i2i.App - MSISDN: 01640997338
17:36:59 [main] WARN  com.i2i.App - Location: TURKEY
17:36:59 [main] ERROR com.i2i.App - Service: SMS
17:36:59 [main] FATAL com.i2i.App - Amount: 1
17:36:59 [main] INFO  com.i2i.App - MSISDN: 04613988078
17:36:59 [main] WARN  com.i2i.App - Location: TURKEY
17:36:59 [main] ERROR com.i2i.App - Service: VOICE
17:36:59 [main] FATAL com.i2i.App - Amount: 1096
17:36:59 [main] INFO  com.i2i.App - MSISDN: 08537499243
17:36:59 [main] WARN  com.i2i.App - Location: TURKEY
17:36:59 [main] ERROR com.i2i.App - Service: DATA
17:36:59 [main] FATAL com.i2i.App - Amount: 180653972
17:36:59 [main] INFO  com.i2i.App - MSISDN: 00307576938
17:36:59 [main] WARN  com.i2i.App - Location: EUROPE
17:36:59 [main] ERROR com.i2i.App - Service: VOICE
17:36:59 [main] FATAL com.i2i.App - Amount: 1328
17:36:59 [main] INFO  com.i2i.App - MSISDN: 03017292247
17:36:59 [main] WARN  com.i2i.App - Location: TURKEY
17:36:59 [main] ERROR com.i2i.App - Service: VOICE
17:36:59 [main] FATAL com.i2i.App - Amount: 354
17:36:59 [main] INFO  com.i2i.App - MSISDN: 03354215236
17:36:59 [main] WARN  com.i2i.App - Location: TURKEY
17:36:59 [main] ERROR com.i2i.App - Service: DATA
17:36:59 [main] FATAL com.i2i.App - Amount: 361039345
17:36:59 [main] INFO  com.i2i.App - MSISDN: 06271282943
17:36:59 [main] WARN  com.i2i.App - Location: NORTHERNCYPRUS
17:36:59 [main] ERROR com.i2i.App - Service: VOICE
17:36:59 [main] FATAL com.i2i.App - Amount: 2394
17:36:59 [main] INFO  com.i2i.App - MSISDN: 04596448631
17:36:59 [main] WARN  com.i2i.App - Location: RUSSIA
17:36:59 [main] ERROR com.i2i.App - Service: VOICE
17:36:59 [main] FATAL com.i2i.App - Amount: 1545
17:36:59 [main] INFO  com.i2i.App - MSISDN: 03565181158
17:36:59 [main] WARN  com.i2i.App - Location: TURKEY
17:36:59 [main] ERROR com.i2i.App - Service: VOICE
17:36:59 [main] FATAL com.i2i.App - Amount: 1635
17:36:59 [main] INFO  com.i2i.App - MSISDN: 01077972484
17:36:59 [main] WARN  com.i2i.App - Location: TURKEY
17:36:59 [main] ERROR com.i2i.App - Service: VOICE
17:36:59 [main] FATAL com.i2i.App - Amount: 3231
17:36:59 [main] INFO  com.i2i.App - MSISDN: 02223448292
17:36:59 [main] WARN  com.i2i.App - Location: OTHER
17:36:59 [main] ERROR com.i2i.App - Service: VOICE
17:36:59 [main] FATAL com.i2i.App - Amount: 2956
17:36:59 [main] INFO  com.i2i.App - MSISDN: 08420463849
17:36:59 [main] WARN  com.i2i.App - Location: TURKEY
17:36:59 [main] ERROR com.i2i.App - Service: DATA
17:36:59 [main] FATAL com.i2i.App - Amount: 878303714
17:36:59 [main] INFO  com.i2i.App - MSISDN: 08592322689
17:36:59 [main] WARN  com.i2i.App - Location: TURKEY
17:36:59 [main] ERROR com.i2i.App - Service: SMS
17:36:59 [main] FATAL com.i2i.App - Amount: 1
17:36:59 [main] INFO  com.i2i.App - MSISDN: 02869734623
17:36:59 [main] WARN  com.i2i.App - Location: TURKEY
17:36:59 [main] ERROR com.i2i.App - Service: DATA
17:36:59 [main] FATAL com.i2i.App - Amount: 1227151849
17:36:59 [main] INFO  com.i2i.App - MSISDN: 05010484647
17:36:59 [main] WARN  com.i2i.App - Location: MIDDLEEAST
17:36:59 [main] ERROR com.i2i.App - Service: DATA
17:36:59 [main] FATAL com.i2i.App - Amount: 268051204
17:36:59 [main] INFO  com.i2i.App - MSISDN: 01874120442
17:36:59 [main] WARN  com.i2i.App - Location: TURKEY
17:36:59 [main] ERROR com.i2i.App - Service: DATA
17:36:59 [main] FATAL com.i2i.App - Amount: 1004551014
17:36:59 [main] INFO  com.i2i.App - MSISDN: 04747632856
17:36:59 [main] WARN  com.i2i.App - Location: TURKEY
17:36:59 [main] ERROR com.i2i.App - Service: VOICE
17:36:59 [main] FATAL com.i2i.App - Amount: 2522
17:36:59 [main] INFO  com.i2i.App - MSISDN: 01187158197
17:36:59 [main] WARN  com.i2i.App - Location: TURKEY
17:36:59 [main] ERROR com.i2i.App - Service: VOICE
17:37:00 [main] FATAL com.i2i.App - Amount: 2124
17:37:00 [main] INFO  com.i2i.App - MSISDN: 02505883247
17:37:00 [main] WARN  com.i2i.App - Location: TURKEY
17:37:00 [main] ERROR com.i2i.App - Service: SMS
17:37:00 [main] FATAL com.i2i.App - Amount: 1
17:37:00 [main] INFO  com.i2i.App - MSISDN: 09411096368
17:37:00 [main] WARN  com.i2i.App - Location: EUROPE
17:37:00 [main] ERROR com.i2i.App - Service: DATA
17:37:00 [main] FATAL com.i2i.App - Amount: 56448100
17:37:00 [main] INFO  com.i2i.App - MSISDN: 08367437284
17:37:00 [main] WARN  com.i2i.App - Location: TURKEY
17:37:00 [main] ERROR com.i2i.App - Service: DATA
17:37:00 [main] FATAL com.i2i.App - Amount: 357364005
17:37:00 [main] INFO  com.i2i.App - MSISDN: 07413538143
17:37:00 [main] WARN  com.i2i.App - Location: TURKEY
17:37:00 [main] ERROR com.i2i.App - Service: VOICE
17:37:00 [main] FATAL com.i2i.App - Amount: 3238
17:37:00 [main] INFO  com.i2i.App - MSISDN: 09797693949
17:37:00 [main] WARN  com.i2i.App - Location: MIDDLEEAST
17:37:00 [main] ERROR com.i2i.App - Service: DATA
17:37:00 [main] FATAL com.i2i.App - Amount: 1000376952
17:37:00 [main] INFO  com.i2i.App - MSISDN: 00907159498
17:37:00 [main] WARN  com.i2i.App - Location: TURKEY
17:37:00 [main] ERROR com.i2i.App - Service: DATA
17:37:00 [main] FATAL com.i2i.App - Amount: 194383157
17:37:00 [main] INFO  com.i2i.App - MSISDN: 07167942494
17:37:00 [main] WARN  com.i2i.App - Location: TURKEY
17:37:00 [main] ERROR com.i2i.App - Service: VOICE
17:37:00 [main] FATAL com.i2i.App - Amount: 3013
17:37:00 [main] INFO  com.i2i.App - MSISDN: 01718852916
17:37:00 [main] WARN  com.i2i.App - Location: EUROPE
17:37:00 [main] ERROR com.i2i.App - Service: DATA
17:37:00 [main] FATAL com.i2i.App - Amount: 1153235574
17:37:00 [main] INFO  com.i2i.App - MSISDN: 04663845954
17:37:00 [main] WARN  com.i2i.App - Location: NORTHAMERICA
17:37:00 [main] ERROR com.i2i.App - Service: VOICE
17:37:00 [main] FATAL com.i2i.App - Amount: 3220
17:37:00 [main] INFO  com.i2i.App - MSISDN: 06475666851
17:37:00 [main] WARN  com.i2i.App - Location: TURKEY
17:37:00 [main] ERROR com.i2i.App - Service: VOICE
17:37:00 [main] FATAL com.i2i.App - Amount: 483
17:37:00 [main] INFO  com.i2i.App - MSISDN: 08866566603
17:37:00 [main] WARN  com.i2i.App - Location: TURKEY
17:37:00 [main] ERROR com.i2i.App - Service: SMS
17:37:00 [main] FATAL com.i2i.App - Amount: 1
17:37:00 [main] INFO  com.i2i.App - MSISDN: 07286275555
17:37:00 [main] WARN  com.i2i.App - Location: TURKEY
17:37:00 [main] ERROR com.i2i.App - Service: VOICE
17:37:00 [main] FATAL com.i2i.App - Amount: 108
17:37:00 [main] INFO  com.i2i.App - MSISDN: 00071510260
17:37:00 [main] WARN  com.i2i.App - Location: TURKEY
17:37:00 [main] ERROR com.i2i.App - Service: VOICE
17:37:00 [main] FATAL com.i2i.App - Amount: 2186
17:37:00 [main] INFO  com.i2i.App - MSISDN: 09995333271
17:37:00 [main] WARN  com.i2i.App - Location: TURKEY
17:37:00 [main] ERROR com.i2i.App - Service: DATA
17:37:00 [main] FATAL com.i2i.App - Amount: 471804522
17:37:00 [main] INFO  com.i2i.App - MSISDN: 03523279343
17:37:00 [main] WARN  com.i2i.App - Location: MIDDLEEAST
17:37:00 [main] ERROR com.i2i.App - Service: SMS
17:37:00 [main] FATAL com.i2i.App - Amount: 1
17:37:00 [main] INFO  com.i2i.App - MSISDN: 08121259243
17:37:00 [main] WARN  com.i2i.App - Location: RUSSIA
17:37:00 [main] ERROR com.i2i.App - Service: SMS
17:37:00 [main] FATAL com.i2i.App - Amount: 1
17:37:00 [main] INFO  com.i2i.App - MSISDN: 01806944286
17:37:00 [main] WARN  com.i2i.App - Location: TURKEY
17:37:00 [main] ERROR com.i2i.App - Service: VOICE
17:37:00 [main] FATAL com.i2i.App - Amount: 3089
17:37:00 [main] INFO  com.i2i.App - MSISDN: 09665214181
