19:13:04 [main] INFO  com.i2i.App - MSISDN: 03499186725
19:13:04 [main] WARN  com.i2i.App - Location: NORTHAMERICA
19:13:04 [main] ERROR com.i2i.App - Service: VOICE
19:13:04 [main] FATAL com.i2i.App - Amount: 251
19:13:04 [main] INFO  com.i2i.App - MSISDN: 04085539602
19:13:04 [main] WARN  com.i2i.App - Location: TURKEY
19:13:04 [main] ERROR com.i2i.App - Service: DATA
19:13:04 [main] FATAL com.i2i.App - Amount: 580983631
19:13:04 [main] INFO  com.i2i.App - MSISDN: 04850084921
19:13:04 [main] WARN  com.i2i.App - Location: TURKEY
19:13:04 [main] ERROR com.i2i.App - Service: DATA
19:13:04 [main] FATAL com.i2i.App - Amount: 381600476
19:13:05 [main] INFO  com.i2i.App - MSISDN: 06703280500
19:13:05 [main] WARN  com.i2i.App - Location: TURKEY
19:13:05 [main] ERROR com.i2i.App - Service: DATA
19:13:05 [main] FATAL com.i2i.App - Amount: 582011888
19:13:05 [main] INFO  com.i2i.App - MSISDN: 05619978987
19:13:05 [main] WARN  com.i2i.App - Location: TURKEY
19:13:05 [main] ERROR com.i2i.App - Service: DATA
19:13:05 [main] FATAL com.i2i.App - Amount: 748169614
19:13:06 [main] INFO  com.i2i.App - MSISDN: 09901211218
19:13:06 [main] WARN  com.i2i.App - Location: MIDDLEEAST
19:13:06 [main] ERROR com.i2i.App - Service: SMS
19:13:06 [main] FATAL com.i2i.App - Amount: 1
19:13:06 [main] INFO  com.i2i.App - MSISDN: 05400316991
19:13:06 [main] WARN  com.i2i.App - Location: TURKEY
19:13:06 [main] ERROR com.i2i.App - Service: DATA
19:13:06 [main] FATAL com.i2i.App - Amount: 1165076096
19:13:06 [main] INFO  com.i2i.App - MSISDN: 09876963968
19:13:06 [main] WARN  com.i2i.App - Location: TURKEY
19:13:06 [main] ERROR com.i2i.App - Service: SMS
19:13:06 [main] FATAL com.i2i.App - Amount: 1
19:13:06 [main] INFO  com.i2i.App - MSISDN: 02307934268
19:13:06 [main] WARN  com.i2i.App - Location: NORTHERNCYPRUS
19:13:06 [main] ERROR com.i2i.App - Service: SMS
19:13:06 [main] FATAL com.i2i.App - Amount: 1
19:13:07 [main] INFO  com.i2i.App - MSISDN: 06334558695
19:13:07 [main] WARN  com.i2i.App - Location: MIDDLEEAST
19:13:07 [main] ERROR com.i2i.App - Service: VOICE
19:13:07 [main] FATAL com.i2i.App - Amount: 1294
19:13:08 [main] INFO  com.i2i.App - MSISDN: 08173112019
19:13:08 [main] WARN  com.i2i.App - Location: TURKEY
19:13:08 [main] ERROR com.i2i.App - Service: VOICE
19:13:08 [main] FATAL com.i2i.App - Amount: 258
