11:33:11 [main] FATAL com.i2i.App - Amount: 203
11:33:11 [main] INFO  com.i2i.App - MSISDN: 09995590544
11:33:11 [main] WARN  com.i2i.App - Location: TURKEY
11:33:11 [main] ERROR com.i2i.App - Service: DATA
11:33:11 [main] FATAL com.i2i.App - Amount: 291153702
11:33:11 [main] INFO  com.i2i.App - MSISDN: 07115079066
11:33:11 [main] WARN  com.i2i.App - Location: TURKEY
11:33:11 [main] ERROR com.i2i.App - Service: VOICE
11:33:11 [main] FATAL com.i2i.App - Amount: 2621
11:33:11 [main] INFO  com.i2i.App - MSISDN: 06585878984
11:33:11 [main] WARN  com.i2i.App - Location: EUROPE
11:33:11 [main] ERROR com.i2i.App - Service: DATA
11:33:11 [main] FATAL com.i2i.App - Amount: 974900927
11:33:11 [main] INFO  com.i2i.App - MSISDN: 00186073464
11:33:11 [main] WARN  com.i2i.App - Location: RUSSIA
11:33:11 [main] ERROR com.i2i.App - Service: SMS
11:33:11 [main] FATAL com.i2i.App - Amount: 1
11:33:11 [main] INFO  com.i2i.App - MSISDN: 06407515460
11:33:11 [main] WARN  com.i2i.App - Location: TURKEY
11:33:11 [main] ERROR com.i2i.App - Service: VOICE
11:33:11 [main] FATAL com.i2i.App - Amount: 478
11:33:11 [main] INFO  com.i2i.App - MSISDN: 06230539024
11:33:11 [main] WARN  com.i2i.App - Location: TURKEY
11:33:11 [main] ERROR com.i2i.App - Service: SMS
11:33:11 [main] FATAL com.i2i.App - Amount: 1
11:33:11 [main] INFO  com.i2i.App - MSISDN: 05480246850
11:33:11 [main] WARN  com.i2i.App - Location: TURKEY
11:33:11 [main] ERROR com.i2i.App - Service: VOICE
11:33:11 [main] FATAL com.i2i.App - Amount: 2590
11:33:11 [main] INFO  com.i2i.App - MSISDN: 06799667228
11:33:11 [main] WARN  com.i2i.App - Location: TURKEY
11:33:11 [main] ERROR com.i2i.App - Service: SMS
11:33:11 [main] FATAL com.i2i.App - Amount: 1
11:33:11 [main] INFO  com.i2i.App - MSISDN: 03772744012
11:33:11 [main] WARN  com.i2i.App - Location: MIDDLEEAST
11:33:11 [main] ERROR com.i2i.App - Service: DATA
11:33:11 [main] FATAL com.i2i.App - Amount: 828400321
11:33:11 [main] INFO  com.i2i.App - MSISDN: 08356050564
11:33:11 [main] WARN  com.i2i.App - Location: TURKEY
11:33:11 [main] ERROR com.i2i.App - Service: VOICE
11:33:11 [main] FATAL com.i2i.App - Amount: 672
11:33:11 [main] INFO  com.i2i.App - MSISDN: 00877387757
11:33:11 [main] WARN  com.i2i.App - Location: TURKEY
11:33:11 [main] ERROR com.i2i.App - Service: VOICE
11:33:11 [main] FATAL com.i2i.App - Amount: 1827
11:33:11 [main] INFO  com.i2i.App - MSISDN: 04557117845
11:33:11 [main] WARN  com.i2i.App - Location: EUROPE
11:33:11 [main] ERROR com.i2i.App - Service: DATA
11:33:11 [main] FATAL com.i2i.App - Amount: 482645810
11:33:11 [main] INFO  com.i2i.App - MSISDN: 06189998410
11:33:11 [main] WARN  com.i2i.App - Location: TURKEY
11:33:11 [main] ERROR com.i2i.App - Service: SMS
11:33:11 [main] FATAL com.i2i.App - Amount: 1
11:33:11 [main] INFO  com.i2i.App - MSISDN: 06566158575
11:33:11 [main] WARN  com.i2i.App - Location: MIDDLEEAST
11:33:11 [main] ERROR com.i2i.App - Service: SMS
11:33:11 [main] FATAL com.i2i.App - Amount: 1
11:33:11 [main] INFO  com.i2i.App - MSISDN: 03919986655
11:33:11 [main] WARN  com.i2i.App - Location: TURKEY
11:33:11 [main] ERROR com.i2i.App - Service: SMS
11:33:11 [main] FATAL com.i2i.App - Amount: 1
11:33:11 [main] INFO  com.i2i.App - MSISDN: 00606720297
11:33:11 [main] WARN  com.i2i.App - Location: NORTHAMERICA
11:33:11 [main] ERROR com.i2i.App - Service: DATA
11:33:11 [main] FATAL com.i2i.App - Amount: 908314242
11:33:11 [main] INFO  com.i2i.App - MSISDN: 05634678122
11:33:11 [main] WARN  com.i2i.App - Location: OTHER
11:33:11 [main] ERROR com.i2i.App - Service: DATA
11:33:11 [main] FATAL com.i2i.App - Amount: 1287725125
11:33:11 [main] INFO  com.i2i.App - MSISDN: 02746749194
11:33:11 [main] WARN  com.i2i.App - Location: MIDDLEEAST
11:33:11 [main] ERROR com.i2i.App - Service: SMS
11:33:11 [main] FATAL com.i2i.App - Amount: 1
11:33:11 [main] INFO  com.i2i.App - MSISDN: 02540697100
11:33:11 [main] WARN  com.i2i.App - Location: TURKEY
11:33:11 [main] ERROR com.i2i.App - Service: VOICE
11:33:11 [main] FATAL com.i2i.App - Amount: 1012
11:33:11 [main] INFO  com.i2i.App - MSISDN: 08428076234
11:33:11 [main] WARN  com.i2i.App - Location: TURKEY
11:33:11 [main] ERROR com.i2i.App - Service: DATA
11:33:11 [main] FATAL com.i2i.App - Amount: 207069170
11:33:11 [main] INFO  com.i2i.App - MSISDN: 02474173831
11:33:11 [main] WARN  com.i2i.App - Location: MIDDLEEAST
11:33:11 [main] ERROR com.i2i.App - Service: SMS
11:33:11 [main] FATAL com.i2i.App - Amount: 1
11:33:11 [main] INFO  com.i2i.App - MSISDN: 00671759051
11:33:11 [main] WARN  com.i2i.App - Location: TURKEY
11:33:11 [main] ERROR com.i2i.App - Service: DATA
11:33:11 [main] FATAL com.i2i.App - Amount: 521963799
11:33:11 [main] INFO  com.i2i.App - MSISDN: 06607517377
11:33:11 [main] WARN  com.i2i.App - Location: NORTHAMERICA
11:33:11 [main] ERROR com.i2i.App - Service: SMS
11:33:11 [main] FATAL com.i2i.App - Amount: 1
11:33:11 [main] INFO  com.i2i.App - MSISDN: 05994080388
11:33:11 [main] WARN  com.i2i.App - Location: TURKEY
11:33:11 [main] ERROR com.i2i.App - Service: VOICE
11:33:11 [main] FATAL com.i2i.App - Amount: 2506
11:33:11 [main] INFO  com.i2i.App - MSISDN: 06904081318
11:33:11 [main] WARN  com.i2i.App - Location: TURKEY
11:33:11 [main] ERROR com.i2i.App - Service: SMS
11:33:11 [main] FATAL com.i2i.App - Amount: 1
11:33:11 [main] INFO  com.i2i.App - MSISDN: 05174976855
11:33:11 [main] WARN  com.i2i.App - Location: TURKEY
11:33:11 [main] ERROR com.i2i.App - Service: VOICE
11:33:11 [main] FATAL com.i2i.App - Amount: 1829
11:33:11 [main] INFO  com.i2i.App - MSISDN: 09790762850
11:33:11 [main] WARN  com.i2i.App - Location: TURKEY
11:33:11 [main] ERROR com.i2i.App - Service: DATA
11:33:11 [main] FATAL com.i2i.App - Amount: 18555850
11:33:11 [main] INFO  com.i2i.App - MSISDN: 09213857639
11:33:11 [main] WARN  com.i2i.App - Location: TURKEY
11:33:11 [main] ERROR com.i2i.App - Service: DATA
11:33:11 [main] FATAL com.i2i.App - Amount: 433918031
11:33:11 [main] INFO  com.i2i.App - MSISDN: 00358158490
11:33:11 [main] WARN  com.i2i.App - Location: NORTHAMERICA
11:33:11 [main] ERROR com.i2i.App - Service: VOICE
11:33:11 [main] FATAL com.i2i.App - Amount: 3543
11:33:11 [main] INFO  com.i2i.App - MSISDN: 03725040437
11:33:11 [main] WARN  com.i2i.App - Location: MIDDLEEAST
11:33:11 [main] ERROR com.i2i.App - Service: VOICE
11:33:11 [main] FATAL com.i2i.App - Amount: 3311
11:33:11 [main] INFO  com.i2i.App - MSISDN: 04338478454
11:33:11 [main] WARN  com.i2i.App - Location: TURKEY
11:33:11 [main] ERROR com.i2i.App - Service: VOICE
11:33:11 [main] FATAL com.i2i.App - Amount: 555
11:33:11 [main] INFO  com.i2i.App - MSISDN: 07784844250
11:33:11 [main] WARN  com.i2i.App - Location: TURKEY
11:33:11 [main] ERROR com.i2i.App - Service: SMS
11:33:11 [main] FATAL com.i2i.App - Amount: 1
11:33:11 [main] INFO  com.i2i.App - MSISDN: 03130828312
11:33:11 [main] WARN  com.i2i.App - Location: NORTHAMERICA
11:33:11 [main] ERROR com.i2i.App - Service: SMS
11:33:11 [main] FATAL com.i2i.App - Amount: 1
11:33:11 [main] INFO  com.i2i.App - MSISDN: 04217905922
11:33:11 [main] WARN  com.i2i.App - Location: TURKEY
11:33:11 [main] ERROR com.i2i.App - Service: DATA
11:33:11 [main] FATAL com.i2i.App - Amount: 356508339
11:33:11 [main] INFO  com.i2i.App - MSISDN: 01383818899
11:33:11 [main] WARN  com.i2i.App - Location: TURKEY
11:33:11 [main] ERROR com.i2i.App - Service: SMS
11:33:11 [main] FATAL com.i2i.App - Amount: 1
11:33:11 [main] INFO  com.i2i.App - MSISDN: 08577537218
11:33:11 [main] WARN  com.i2i.App - Location: TURKEY
11:33:11 [main] ERROR com.i2i.App - Service: VOICE
11:33:11 [main] FATAL com.i2i.App - Amount: 2956
11:33:11 [main] INFO  com.i2i.App - MSISDN: 09616278840
11:33:11 [main] WARN  com.i2i.App - Location: RUSSIA
11:33:11 [main] ERROR com.i2i.App - Service: VOICE
11:33:11 [main] FATAL com.i2i.App - Amount: 586
11:33:11 [main] INFO  com.i2i.App - MSISDN: 00899995621
11:33:11 [main] WARN  com.i2i.App - Location: TURKEY
11:33:11 [main] ERROR com.i2i.App - Service: DATA
11:33:11 [main] FATAL com.i2i.App - Amount: 1231278857
11:33:11 [main] INFO  com.i2i.App - MSISDN: 03649579557
11:33:11 [main] WARN  com.i2i.App - Location: RUSSIA
11:33:11 [main] ERROR com.i2i.App - Service: DATA
11:33:11 [main] FATAL com.i2i.App - Amount: 182596294
11:33:11 [main] INFO  com.i2i.App - MSISDN: 04246494904
11:33:11 [main] WARN  com.i2i.App - Location: MIDDLEEAST
11:33:11 [main] ERROR com.i2i.App - Service: SMS
11:33:11 [main] FATAL com.i2i.App - Amount: 1
11:33:11 [main] INFO  com.i2i.App - MSISDN: 08268653316
11:33:11 [main] WARN  com.i2i.App - Location: TURKEY
11:33:11 [main] ERROR com.i2i.App - Service: SMS
11:33:11 [main] FATAL com.i2i.App - Amount: 1
11:33:11 [main] INFO  com.i2i.App - MSISDN: 03442557797
11:33:11 [main] WARN  com.i2i.App - Location: TURKEY
11:33:11 [main] ERROR com.i2i.App - Service: SMS
11:33:11 [main] FATAL com.i2i.App - Amount: 1
11:33:11 [main] INFO  com.i2i.App - MSISDN: 00468083286
11:33:11 [main] WARN  com.i2i.App - Location: OTHER
11:33:11 [main] ERROR com.i2i.App - Service: VOICE
11:33:11 [main] FATAL com.i2i.App - Amount: 2352
11:33:11 [main] INFO  com.i2i.App - MSISDN: 02001459678
11:33:11 [main] WARN  com.i2i.App - Location: NORTHERNCYPRUS
11:33:11 [main] ERROR com.i2i.App - Service: SMS
11:33:11 [main] FATAL com.i2i.App - Amount: 1
11:33:11 [main] INFO  com.i2i.App - MSISDN: 06432711344
11:33:11 [main] WARN  com.i2i.App - Location: TURKEY
11:33:11 [main] ERROR com.i2i.App - Service: SMS
11:33:11 [main] FATAL com.i2i.App - Amount: 1
11:33:11 [main] INFO  com.i2i.App - MSISDN: 05002229776
11:33:11 [main] WARN  com.i2i.App - Location: TURKEY
11:33:11 [main] ERROR com.i2i.App - Service: DATA
11:33:11 [main] FATAL com.i2i.App - Amount: 1159266644
11:33:11 [main] INFO  com.i2i.App - MSISDN: 00949884225
11:33:11 [main] WARN  com.i2i.App - Location: RUSSIA
11:33:11 [main] ERROR com.i2i.App - Service: VOICE
11:33:11 [main] FATAL com.i2i.App - Amount: 476
11:33:11 [main] INFO  com.i2i.App - MSISDN: 00332439977
11:33:11 [main] WARN  com.i2i.App - Location: TURKEY
11:33:11 [main] ERROR com.i2i.App - Service: VOICE
11:33:11 [main] FATAL com.i2i.App - Amount: 2464
11:33:11 [main] INFO  com.i2i.App - MSISDN: 08052564703
11:33:11 [main] WARN  com.i2i.App - Location: TURKEY
11:33:11 [main] ERROR com.i2i.App - Service: SMS
11:33:11 [main] FATAL com.i2i.App - Amount: 1
11:33:11 [main] INFO  com.i2i.App - MSISDN: 00844352788
11:33:11 [main] WARN  com.i2i.App - Location: TURKEY
11:33:11 [main] ERROR com.i2i.App - Service: SMS
11:33:11 [main] FATAL com.i2i.App - Amount: 1
11:33:11 [main] INFO  com.i2i.App - MSISDN: 03058106804
11:33:11 [main] WARN  com.i2i.App - Location: TURKEY
11:33:11 [main] ERROR com.i2i.App - Service: VOICE
11:33:11 [main] FATAL com.i2i.App - Amount: 1124
11:33:11 [main] INFO  com.i2i.App - MSISDN: 02599782399
11:33:11 [main] WARN  com.i2i.App - Location: TURKEY
11:33:11 [main] ERROR com.i2i.App - Service: SMS
11:33:11 [main] FATAL com.i2i.App - Amount: 1
11:33:11 [main] INFO  com.i2i.App - MSISDN: 04351805476
11:33:11 [main] WARN  com.i2i.App - Location: TURKEY
11:33:11 [main] ERROR com.i2i.App - Service: DATA
11:33:11 [main] FATAL com.i2i.App - Amount: 1058732257
11:33:11 [main] INFO  com.i2i.App - MSISDN: 00037322430
11:33:11 [main] WARN  com.i2i.App - Location: TURKEY
11:33:11 [main] ERROR com.i2i.App - Service: VOICE
11:33:11 [main] FATAL com.i2i.App - Amount: 1582
11:33:11 [main] INFO  com.i2i.App - MSISDN: 02691363775
11:33:11 [main] WARN  com.i2i.App - Location: MIDDLEEAST
11:33:11 [main] ERROR com.i2i.App - Service: SMS
11:33:11 [main] FATAL com.i2i.App - Amount: 1
11:33:11 [main] INFO  com.i2i.App - MSISDN: 05011270475
11:33:11 [main] WARN  com.i2i.App - Location: EUROPE
11:33:11 [main] ERROR com.i2i.App - Service: VOICE
11:33:11 [main] FATAL com.i2i.App - Amount: 601
11:33:11 [main] INFO  com.i2i.App - MSISDN: 08012741148
11:33:11 [main] WARN  com.i2i.App - Location: TURKEY
11:33:11 [main] ERROR com.i2i.App - Service: VOICE
11:33:11 [main] FATAL com.i2i.App - Amount: 663
11:33:11 [main] INFO  com.i2i.App - MSISDN: 05825774760
11:33:11 [main] WARN  com.i2i.App - Location: OTHER
11:33:11 [main] ERROR com.i2i.App - Service: SMS
11:33:11 [main] FATAL com.i2i.App - Amount: 1
11:33:11 [main] INFO  com.i2i.App - MSISDN: 07914932368
11:33:11 [main] WARN  com.i2i.App - Location: NORTHAMERICA
11:33:11 [main] ERROR com.i2i.App - Service: VOICE
11:33:11 [main] FATAL com.i2i.App - Amount: 1754
11:33:11 [main] INFO  com.i2i.App - MSISDN: 03711097408
11:33:11 [main] WARN  com.i2i.App - Location: OTHER
11:33:11 [main] ERROR com.i2i.App - Service: VOICE
11:33:11 [main] FATAL com.i2i.App - Amount: 1389
11:33:11 [main] INFO  com.i2i.App - MSISDN: 07007936988
11:33:11 [main] WARN  com.i2i.App - Location: TURKEY
11:33:11 [main] ERROR com.i2i.App - Service: DATA
11:33:11 [main] FATAL com.i2i.App - Amount: 1213192543
11:33:11 [main] INFO  com.i2i.App - MSISDN: 03414111372
11:33:11 [main] WARN  com.i2i.App - Location: TURKEY
11:33:11 [main] ERROR com.i2i.App - Service: VOICE
11:33:11 [main] FATAL com.i2i.App - Amount: 1666
11:33:11 [main] INFO  com.i2i.App - MSISDN: 03176051847
11:33:11 [main] WARN  com.i2i.App - Location: TURKEY
11:33:11 [main] ERROR com.i2i.App - Service: DATA
11:33:11 [main] FATAL com.i2i.App - Amount: 103117115
11:33:11 [main] INFO  com.i2i.App - MSISDN: 07128221492
11:33:11 [main] WARN  com.i2i.App - Location: TURKEY
11:33:11 [main] ERROR com.i2i.App - Service: VOICE
11:33:11 [main] FATAL com.i2i.App - Amount: 1973
11:33:11 [main] INFO  com.i2i.App - MSISDN: 07181768209
11:33:11 [main] WARN  com.i2i.App - Location: TURKEY
11:33:11 [main] ERROR com.i2i.App - Service: DATA
11:33:11 [main] FATAL com.i2i.App - Amount: 768865574
11:33:11 [main] INFO  com.i2i.App - MSISDN: 04582019330
11:33:11 [main] WARN  com.i2i.App - Location: TURKEY
11:33:11 [main] ERROR com.i2i.App - Service: SMS
11:33:11 [main] FATAL com.i2i.App - Amount: 1
11:33:11 [main] INFO  com.i2i.App - MSISDN: 01795071512
11:33:11 [main] WARN  com.i2i.App - Location: TURKEY
11:33:11 [main] ERROR com.i2i.App - Service: VOICE
11:33:11 [main] FATAL com.i2i.App - Amount: 2248
11:33:11 [main] INFO  com.i2i.App - MSISDN: 06230082077
11:33:11 [main] WARN  com.i2i.App - Location: EUROPE
11:33:11 [main] ERROR com.i2i.App - Service: DATA
11:33:11 [main] FATAL com.i2i.App - Amount: 374784414
11:33:11 [main] INFO  com.i2i.App - MSISDN: 00275732371
11:33:11 [main] WARN  com.i2i.App - Location: TURKEY
11:33:11 [main] ERROR com.i2i.App - Service: VOICE
11:33:11 [main] FATAL com.i2i.App - Amount: 127
11:33:11 [main] INFO  com.i2i.App - MSISDN: 08483331363
11:33:11 [main] WARN  com.i2i.App - Location: TURKEY
11:33:11 [main] ERROR com.i2i.App - Service: VOICE
11:33:11 [main] FATAL com.i2i.App - Amount: 334
11:33:11 [main] INFO  com.i2i.App - MSISDN: 04501463201
11:33:11 [main] WARN  com.i2i.App - Location: EUROPE
11:33:11 [main] ERROR com.i2i.App - Service: VOICE
11:33:11 [main] FATAL com.i2i.App - Amount: 597
11:33:11 [main] INFO  com.i2i.App - MSISDN: 03633896792
11:33:11 [main] WARN  com.i2i.App - Location: TURKEY
11:33:11 [main] ERROR com.i2i.App - Service: VOICE
11:33:11 [main] FATAL com.i2i.App - Amount: 1424
11:33:11 [main] INFO  com.i2i.App - MSISDN: 03920963773
11:33:11 [main] WARN  com.i2i.App - Location: OTHER
11:33:11 [main] ERROR com.i2i.App - Service: SMS
11:33:11 [main] FATAL com.i2i.App - Amount: 1
11:33:11 [main] INFO  com.i2i.App - MSISDN: 09905284814
11:33:11 [main] WARN  com.i2i.App - Location: MIDDLEEAST
11:33:11 [main] ERROR com.i2i.App - Service: DATA
11:33:11 [main] FATAL com.i2i.App - Amount: 500185801
11:33:11 [main] INFO  com.i2i.App - MSISDN: 01791129905
11:33:11 [main] WARN  com.i2i.App - Location: EUROPE
11:33:11 [main] ERROR com.i2i.App - Service: SMS
11:33:11 [main] FATAL com.i2i.App - Amount: 1
11:33:11 [main] INFO  com.i2i.App - MSISDN: 00717231343
11:33:11 [main] WARN  com.i2i.App - Location: TURKEY
11:33:11 [main] ERROR com.i2i.App - Service: VOICE
11:33:11 [main] FATAL com.i2i.App - Amount: 517
11:33:11 [main] INFO  com.i2i.App - MSISDN: 00359344352
11:33:11 [main] WARN  com.i2i.App - Location: EUROPE
11:33:11 [main] ERROR com.i2i.App - Service: SMS
11:33:11 [main] FATAL com.i2i.App - Amount: 1
11:33:11 [main] INFO  com.i2i.App - MSISDN: 09335625152
11:33:11 [main] WARN  com.i2i.App - Location: TURKEY
11:33:11 [main] ERROR com.i2i.App - Service: DATA
11:33:11 [main] FATAL com.i2i.App - Amount: 944219118
11:33:11 [main] INFO  com.i2i.App - MSISDN: 00326980837
11:33:11 [main] WARN  com.i2i.App - Location: TURKEY
11:33:11 [main] ERROR com.i2i.App - Service: VOICE
11:33:11 [main] FATAL com.i2i.App - Amount: 3221
11:33:11 [main] INFO  com.i2i.App - MSISDN: 08811432670
11:33:11 [main] WARN  com.i2i.App - Location: MIDDLEEAST
11:33:11 [main] ERROR com.i2i.App - Service: VOICE
11:33:11 [main] FATAL com.i2i.App - Amount: 1458
11:33:11 [main] INFO  com.i2i.App - MSISDN: 06052029662
11:33:11 [main] WARN  com.i2i.App - Location: TURKEY
11:33:11 [main] ERROR com.i2i.App - Service: SMS
11:33:11 [main] FATAL com.i2i.App - Amount: 1
11:33:11 [main] INFO  com.i2i.App - MSISDN: 02556566050
11:33:11 [main] WARN  com.i2i.App - Location: TURKEY
11:33:11 [main] ERROR com.i2i.App - Service: VOICE
11:33:11 [main] FATAL com.i2i.App - Amount: 1266
11:33:11 [main] INFO  com.i2i.App - MSISDN: 09688925621
11:33:11 [main] WARN  com.i2i.App - Location: TURKEY
11:33:11 [main] ERROR com.i2i.App - Service: SMS
11:33:11 [main] FATAL com.i2i.App - Amount: 1
11:33:11 [main] INFO  com.i2i.App - MSISDN: 03938672673
11:33:11 [main] WARN  com.i2i.App - Location: TURKEY
11:33:11 [main] ERROR com.i2i.App - Service: DATA
11:33:11 [main] FATAL com.i2i.App - Amount: 707788611
11:33:11 [main] INFO  com.i2i.App - MSISDN: 00997353721
11:33:11 [main] WARN  com.i2i.App - Location: TURKEY
11:33:11 [main] ERROR com.i2i.App - Service: DATA
11:33:11 [main] FATAL com.i2i.App - Amount: 588455014
11:33:11 [main] INFO  com.i2i.App - MSISDN: 09682630240
11:33:11 [main] WARN  com.i2i.App - Location: TURKEY
11:33:11 [main] ERROR com.i2i.App - Service: DATA
11:33:11 [main] FATAL com.i2i.App - Amount: 439255007
11:33:11 [main] INFO  com.i2i.App - MSISDN: 01484028720
11:33:11 [main] WARN  com.i2i.App - Location: RUSSIA
11:33:11 [main] ERROR com.i2i.App - Service: DATA
11:33:11 [main] FATAL com.i2i.App - Amount: 395609855
11:33:11 [main] INFO  com.i2i.App - MSISDN: 01575590271
11:33:11 [main] WARN  com.i2i.App - Location: OTHER
11:33:11 [main] ERROR com.i2i.App - Service: VOICE
11:33:11 [main] FATAL com.i2i.App - Amount: 114
11:33:11 [main] INFO  com.i2i.App - MSISDN: 01603505511
11:33:11 [main] WARN  com.i2i.App - Location: MIDDLEEAST
11:33:11 [main] ERROR com.i2i.App - Service: SMS
11:33:11 [main] FATAL com.i2i.App - Amount: 1
11:33:11 [main] INFO  com.i2i.App - MSISDN: 03697936175
11:33:11 [main] WARN  com.i2i.App - Location: TURKEY
11:33:11 [main] ERROR com.i2i.App - Service: VOICE
11:33:11 [main] FATAL com.i2i.App - Amount: 1236
11:33:11 [main] INFO  com.i2i.App - MSISDN: 07930708790
11:33:11 [main] WARN  com.i2i.App - Location: TURKEY
11:33:11 [main] ERROR com.i2i.App - Service: DATA
11:33:11 [main] FATAL com.i2i.App - Amount: 1266707271
11:33:11 [main] INFO  com.i2i.App - MSISDN: 05939432060
11:33:11 [main] WARN  com.i2i.App - Location: NORTHAMERICA
11:33:11 [main] ERROR com.i2i.App - Service: SMS
11:33:11 [main] FATAL com.i2i.App - Amount: 1
11:33:11 [main] INFO  com.i2i.App - MSISDN: 02113189493
11:33:11 [main] WARN  com.i2i.App - Location: NORTHAMERICA
11:33:11 [main] ERROR com.i2i.App - Service: SMS
11:33:11 [main] FATAL com.i2i.App - Amount: 1
11:33:11 [main] INFO  com.i2i.App - MSISDN: 07829823916
11:33:11 [main] WARN  com.i2i.App - Location: EUROPE
11:33:11 [main] ERROR com.i2i.App - Service: DATA
11:33:11 [main] FATAL com.i2i.App - Amount: 258334598
11:33:11 [main] INFO  com.i2i.App - MSISDN: 07457065198
11:33:11 [main] WARN  com.i2i.App - Location: TURKEY
11:33:11 [main] ERROR com.i2i.App - Service: VOICE
11:33:11 [main] FATAL com.i2i.App - Amount: 1994
11:33:11 [main] INFO  com.i2i.App - MSISDN: 06814076430
11:33:11 [main] WARN  com.i2i.App - Location: TURKEY
11:33:11 [main] ERROR com.i2i.App - Service: DATA
11:33:11 [main] FATAL com.i2i.App - Amount: 773943094
11:33:11 [main] INFO  com.i2i.App - MSISDN: 05681334864
11:33:11 [main] WARN  com.i2i.App - Location: MIDDLEEAST
11:33:11 [main] ERROR com.i2i.App - Service: VOICE
11:33:11 [main] FATAL com.i2i.App - Amount: 2028
11:33:11 [main] INFO  com.i2i.App - MSISDN: 01147476878
11:33:11 [main] WARN  com.i2i.App - Location: TURKEY
11:33:11 [main] ERROR com.i2i.App - Service: SMS
11:33:11 [main] FATAL com.i2i.App - Amount: 1
11:33:11 [main] INFO  com.i2i.App - MSISDN: 03242173596
11:33:11 [main] WARN  com.i2i.App - Location: TURKEY
11:33:11 [main] ERROR com.i2i.App - Service: SMS
11:33:11 [main] FATAL com.i2i.App - Amount: 1
11:33:11 [main] INFO  com.i2i.App - MSISDN: 04761842808
11:33:11 [main] WARN  com.i2i.App - Location: NORTHAMERICA
11:33:11 [main] ERROR com.i2i.App - Service: SMS
11:33:11 [main] FATAL com.i2i.App - Amount: 1
11:33:11 [main] INFO  com.i2i.App - MSISDN: 00365460959
11:33:11 [main] WARN  com.i2i.App - Location: TURKEY
11:33:11 [main] ERROR com.i2i.App - Service: VOICE
11:33:11 [main] FATAL com.i2i.App - Amount: 405
11:33:11 [main] INFO  com.i2i.App - MSISDN: 06957984521
11:33:11 [main] WARN  com.i2i.App - Location: NORTHERNCYPRUS
11:33:11 [main] ERROR com.i2i.App - Service: SMS
11:33:11 [main] FATAL com.i2i.App - Amount: 1
11:33:11 [main] INFO  com.i2i.App - MSISDN: 06139840433
11:33:11 [main] WARN  com.i2i.App - Location: TURKEY
11:33:11 [main] ERROR com.i2i.App - Service: SMS
11:33:11 [main] FATAL com.i2i.App - Amount: 1
11:33:11 [main] INFO  com.i2i.App - MSISDN: 06115272767
11:33:11 [main] WARN  com.i2i.App - Location: NORTHAMERICA
11:33:11 [main] ERROR com.i2i.App - Service: VOICE
11:33:11 [main] FATAL com.i2i.App - Amount: 908
11:33:11 [main] INFO  com.i2i.App - MSISDN: 01331900671
11:33:11 [main] WARN  com.i2i.App - Location: TURKEY
11:33:11 [main] ERROR com.i2i.App - Service: DATA
11:33:11 [main] FATAL com.i2i.App - Amount: 1176531289
11:33:11 [main] INFO  com.i2i.App - MSISDN: 03715723666
11:33:11 [main] WARN  com.i2i.App - Location: RUSSIA
11:33:11 [main] ERROR com.i2i.App - Service: DATA
11:33:11 [main] FATAL com.i2i.App - Amount: 673796254
11:33:11 [main] INFO  com.i2i.App - MSISDN: 07854845490
11:33:11 [main] WARN  com.i2i.App - Location: EUROPE
11:33:11 [main] ERROR com.i2i.App - Service: VOICE
11:33:11 [main] FATAL com.i2i.App - Amount: 1587
11:33:11 [main] INFO  com.i2i.App - MSISDN: 08305009246
11:33:11 [main] WARN  com.i2i.App - Location: TURKEY
11:33:11 [main] ERROR com.i2i.App - Service: SMS
11:33:11 [main] FATAL com.i2i.App - Amount: 1
11:33:11 [main] INFO  com.i2i.App - MSISDN: 09844733807
11:33:11 [main] WARN  com.i2i.App - Location: TURKEY
11:33:11 [main] ERROR com.i2i.App - Service: SMS
11:33:11 [main] FATAL com.i2i.App - Amount: 1
11:33:11 [main] INFO  com.i2i.App - MSISDN: 07352504078
11:33:11 [main] WARN  com.i2i.App - Location: TURKEY
11:33:11 [main] ERROR com.i2i.App - Service: VOICE
11:33:11 [main] FATAL com.i2i.App - Amount: 497
11:33:11 [main] INFO  com.i2i.App - MSISDN: 06635212509
11:33:11 [main] WARN  com.i2i.App - Location: TURKEY
11:33:11 [main] ERROR com.i2i.App - Service: SMS
11:33:11 [main] FATAL com.i2i.App - Amount: 1
11:33:11 [main] INFO  com.i2i.App - MSISDN: 04033753604
11:33:11 [main] WARN  com.i2i.App - Location: TURKEY
11:33:11 [main] ERROR com.i2i.App - Service: VOICE
11:33:11 [main] FATAL com.i2i.App - Amount: 600
11:33:11 [main] INFO  com.i2i.App - MSISDN: 07338885637
11:33:11 [main] WARN  com.i2i.App - Location: NORTHAMERICA
11:33:11 [main] ERROR com.i2i.App - Service: SMS
11:33:11 [main] FATAL com.i2i.App - Amount: 1
11:33:11 [main] INFO  com.i2i.App - MSISDN: 05854785391
11:33:11 [main] WARN  com.i2i.App - Location: TURKEY
11:33:11 [main] ERROR com.i2i.App - Service: SMS
11:33:11 [main] FATAL com.i2i.App - Amount: 1
11:33:11 [main] INFO  com.i2i.App - MSISDN: 03451273808
11:33:11 [main] WARN  com.i2i.App - Location: RUSSIA
11:33:11 [main] ERROR com.i2i.App - Service: DATA
11:33:11 [main] FATAL com.i2i.App - Amount: 440628906
11:33:11 [main] INFO  com.i2i.App - MSISDN: 07649090654
11:33:11 [main] WARN  com.i2i.App - Location: TURKEY
11:33:11 [main] ERROR com.i2i.App - Service: DATA
11:33:11 [main] FATAL com.i2i.App - Amount: 559188793
11:33:11 [main] INFO  com.i2i.App - MSISDN: 05707239245
11:33:11 [main] WARN  com.i2i.App - Location: OTHER
11:33:11 [main] ERROR com.i2i.App - Service: SMS
11:33:11 [main] FATAL com.i2i.App - Amount: 1
11:33:11 [main] INFO  com.i2i.App - MSISDN: 05766613925
11:33:11 [main] WARN  com.i2i.App - Location: TURKEY
11:33:11 [main] ERROR com.i2i.App - Service: DATA
11:33:11 [main] FATAL com.i2i.App - Amount: 261138458
11:33:11 [main] INFO  com.i2i.App - MSISDN: 02036021799
11:33:11 [main] WARN  com.i2i.App - Location: TURKEY
11:33:11 [main] ERROR com.i2i.App - Service: SMS
11:33:11 [main] FATAL com.i2i.App - Amount: 1
11:33:11 [main] INFO  com.i2i.App - MSISDN: 04737432481
11:33:11 [main] WARN  com.i2i.App - Location: TURKEY
11:33:11 [main] ERROR com.i2i.App - Service: DATA
11:33:11 [main] FATAL com.i2i.App - Amount: 149242633
11:33:11 [main] INFO  com.i2i.App - MSISDN: 03298875675
11:33:11 [main] WARN  com.i2i.App - Location: EUROPE
11:33:11 [main] ERROR com.i2i.App - Service: DATA
11:33:11 [main] FATAL com.i2i.App - Amount: 570120251
11:33:11 [main] INFO  com.i2i.App - MSISDN: 05439489123
11:33:11 [main] WARN  com.i2i.App - Location: TURKEY
11:33:11 [main] ERROR com.i2i.App - Service: VOICE
11:33:11 [main] FATAL com.i2i.App - Amount: 2474
11:33:11 [main] INFO  com.i2i.App - MSISDN: 07791725565
11:33:11 [main] WARN  com.i2i.App - Location: TURKEY
11:33:11 [main] ERROR com.i2i.App - Service: DATA
11:33:11 [main] FATAL com.i2i.App - Amount: 843634940
11:33:11 [main] INFO  com.i2i.App - MSISDN: 07145378058
11:33:11 [main] WARN  com.i2i.App - Location: TURKEY
11:33:11 [main] ERROR com.i2i.App - Service: DATA
11:33:11 [main] FATAL com.i2i.App - Amount: 596901892
11:33:11 [main] INFO  com.i2i.App - MSISDN: 07767907817
11:33:11 [main] WARN  com.i2i.App - Location: TURKEY
11:33:11 [main] ERROR com.i2i.App - Service: SMS
11:33:11 [main] FATAL com.i2i.App - Amount: 1
11:33:11 [main] INFO  com.i2i.App - MSISDN: 04441507879
11:33:11 [main] WARN  com.i2i.App - Location: TURKEY
11:33:11 [main] ERROR com.i2i.App - Service: DATA
11:33:11 [main] FATAL com.i2i.App - Amount: 212310026
11:33:11 [main] INFO  com.i2i.App - MSISDN: 02012830242
11:33:11 [main] WARN  com.i2i.App - Location: NORTHAMERICA
11:33:11 [main] ERROR com.i2i.App - Service: VOICE
11:33:11 [main] FATAL com.i2i.App - Amount: 1138
11:33:11 [main] INFO  com.i2i.App - MSISDN: 04962941369
11:33:11 [main] WARN  com.i2i.App - Location: TURKEY
11:33:11 [main] ERROR com.i2i.App - Service: VOICE
11:33:11 [main] FATAL com.i2i.App - Amount: 3101
11:33:11 [main] INFO  com.i2i.App - MSISDN: 09145053109
11:33:11 [main] WARN  com.i2i.App - Location: TURKEY
11:33:11 [main] ERROR com.i2i.App - Service: DATA
11:33:11 [main] FATAL com.i2i.App - Amount: 1216444483
11:33:11 [main] INFO  com.i2i.App - MSISDN: 03800150416
11:33:11 [main] WARN  com.i2i.App - Location: TURKEY
11:33:11 [main] ERROR com.i2i.App - Service: SMS
11:33:11 [main] FATAL com.i2i.App - Amount: 1
11:33:11 [main] INFO  com.i2i.App - MSISDN: 03937909884
11:33:11 [main] WARN  com.i2i.App - Location: MIDDLEEAST
11:33:11 [main] ERROR com.i2i.App - Service: SMS
11:33:11 [main] FATAL com.i2i.App - Amount: 1
11:33:11 [main] INFO  com.i2i.App - MSISDN: 08948014342
11:33:11 [main] WARN  com.i2i.App - Location: TURKEY
11:33:11 [main] ERROR com.i2i.App - Service: SMS
11:33:11 [main] FATAL com.i2i.App - Amount: 1
11:33:11 [main] INFO  com.i2i.App - MSISDN: 01510060020
11:33:11 [main] WARN  com.i2i.App - Location: RUSSIA
11:33:11 [main] ERROR com.i2i.App - Service: DATA
11:33:11 [main] FATAL com.i2i.App - Amount: 1027662181
11:33:11 [main] INFO  com.i2i.App - MSISDN: 08030004929
11:33:11 [main] WARN  com.i2i.App - Location: TURKEY
11:33:11 [main] ERROR com.i2i.App - Service: DATA
11:33:11 [main] FATAL com.i2i.App - Amount: 1059776701
11:33:11 [main] INFO  com.i2i.App - MSISDN: 01896680235
11:33:11 [main] WARN  com.i2i.App - Location: TURKEY
11:33:11 [main] ERROR com.i2i.App - Service: DATA
11:33:11 [main] FATAL com.i2i.App - Amount: 433965812
11:33:11 [main] INFO  com.i2i.App - MSISDN: 03664974797
11:33:11 [main] WARN  com.i2i.App - Location: TURKEY
11:33:11 [main] ERROR com.i2i.App - Service: DATA
11:33:11 [main] FATAL com.i2i.App - Amount: 835953079
11:33:11 [main] INFO  com.i2i.App - MSISDN: 02513224154
11:33:11 [main] WARN  com.i2i.App - Location: TURKEY
11:33:11 [main] ERROR com.i2i.App - Service: DATA
11:33:11 [main] FATAL com.i2i.App - Amount: 910831718
11:33:11 [main] INFO  com.i2i.App - MSISDN: 03074849381
11:33:11 [main] WARN  com.i2i.App - Location: TURKEY
11:33:11 [main] ERROR com.i2i.App - Service: DATA
11:33:11 [main] FATAL com.i2i.App - Amount: 736607510
11:33:11 [main] INFO  com.i2i.App - MSISDN: 09892316600
11:33:11 [main] WARN  com.i2i.App - Location: TURKEY
11:33:11 [main] ERROR com.i2i.App - Service: SMS
11:33:11 [main] FATAL com.i2i.App - Amount: 1
11:33:11 [main] INFO  com.i2i.App - MSISDN: 03624642942
11:33:11 [main] WARN  com.i2i.App - Location: TURKEY
11:33:11 [main] ERROR com.i2i.App - Service: SMS
11:33:11 [main] FATAL com.i2i.App - Amount: 1
11:33:11 [main] INFO  com.i2i.App - MSISDN: 00716652348
11:33:11 [main] WARN  com.i2i.App - Location: TURKEY
11:33:11 [main] ERROR com.i2i.App - Service: SMS
11:33:11 [main] FATAL com.i2i.App - Amount: 1
11:33:11 [main] INFO  com.i2i.App - MSISDN: 07149305005
11:33:11 [main] WARN  com.i2i.App - Location: TURKEY
11:33:11 [main] ERROR com.i2i.App - Service: SMS
11:33:11 [main] FATAL com.i2i.App - Amount: 1
11:33:11 [main] INFO  com.i2i.App - MSISDN: 09962503510
11:33:11 [main] WARN  com.i2i.App - Location: MIDDLEEAST
11:33:11 [main] ERROR com.i2i.App - Service: SMS
11:33:11 [main] FATAL com.i2i.App - Amount: 1
11:33:11 [main] INFO  com.i2i.App - MSISDN: 05382468482
11:33:11 [main] WARN  com.i2i.App - Location: NORTHERNCYPRUS
11:33:11 [main] ERROR com.i2i.App - Service: SMS
11:33:11 [main] FATAL com.i2i.App - Amount: 1
11:33:11 [main] INFO  com.i2i.App - MSISDN: 00329533609
11:33:11 [main] WARN  com.i2i.App - Location: MIDDLEEAST
11:33:11 [main] ERROR com.i2i.App - Service: VOICE
11:33:11 [main] FATAL com.i2i.App - Amount: 1648
11:33:11 [main] INFO  com.i2i.App - MSISDN: 00909136285
11:33:11 [main] WARN  com.i2i.App - Location: EUROPE
11:33:11 [main] ERROR com.i2i.App - Service: SMS
11:33:11 [main] FATAL com.i2i.App - Amount: 1
11:33:11 [main] INFO  com.i2i.App - MSISDN: 09641681915
11:33:11 [main] WARN  com.i2i.App - Location: MIDDLEEAST
11:33:11 [main] ERROR com.i2i.App - Service: SMS
11:33:11 [main] FATAL com.i2i.App - Amount: 1
11:33:11 [main] INFO  com.i2i.App - MSISDN: 08137645485
11:33:11 [main] WARN  com.i2i.App - Location: TURKEY
11:33:11 [main] ERROR com.i2i.App - Service: VOICE
11:33:11 [main] FATAL com.i2i.App - Amount: 1064
11:33:11 [main] INFO  com.i2i.App - MSISDN: 03348954018
11:33:11 [main] WARN  com.i2i.App - Location: NORTHAMERICA
11:33:11 [main] ERROR com.i2i.App - Service: DATA
11:33:11 [main] FATAL com.i2i.App - Amount: 398596148
11:33:11 [main] INFO  com.i2i.App - MSISDN: 09999687394
11:33:11 [main] WARN  com.i2i.App - Location: TURKEY
11:33:11 [main] ERROR com.i2i.App - Service: SMS
11:33:11 [main] FATAL com.i2i.App - Amount: 1
11:33:11 [main] INFO  com.i2i.App - MSISDN: 08184166890
11:33:11 [main] WARN  com.i2i.App - Location: TURKEY
11:33:11 [main] ERROR com.i2i.App - Service: DATA
11:33:11 [main] FATAL com.i2i.App - Amount: 883922764
11:33:11 [main] INFO  com.i2i.App - MSISDN: 08142490508
11:33:11 [main] WARN  com.i2i.App - Location: TURKEY
11:33:11 [main] ERROR com.i2i.App - Service: SMS
11:33:11 [main] FATAL com.i2i.App - Amount: 1
11:33:11 [main] INFO  com.i2i.App - MSISDN: 00240064421
11:33:11 [main] WARN  com.i2i.App - Location: TURKEY
11:33:11 [main] ERROR com.i2i.App - Service: DATA
11:33:11 [main] FATAL com.i2i.App - Amount: 1030907833
11:33:11 [main] INFO  com.i2i.App - MSISDN: 06365757422
11:33:11 [main] WARN  com.i2i.App - Location: TURKEY
11:33:11 [main] ERROR com.i2i.App - Service: DATA
11:33:11 [main] FATAL com.i2i.App - Amount: 728071973
11:33:11 [main] INFO  com.i2i.App - MSISDN: 09488590116
11:33:11 [main] WARN  com.i2i.App - Location: TURKEY
11:33:11 [main] ERROR com.i2i.App - Service: DATA
11:33:11 [main] FATAL com.i2i.App - Amount: 1185078893
11:33:11 [main] INFO  com.i2i.App - MSISDN: 03284552017
11:33:11 [main] WARN  com.i2i.App - Location: TURKEY
11:33:11 [main] ERROR com.i2i.App - Service: VOICE
11:33:11 [main] FATAL com.i2i.App - Amount: 2890
11:33:11 [main] INFO  com.i2i.App - MSISDN: 00589410254
11:33:11 [main] WARN  com.i2i.App - Location: TURKEY
11:33:11 [main] ERROR com.i2i.App - Service: VOICE
11:33:11 [main] FATAL com.i2i.App - Amount: 746
11:33:11 [main] INFO  com.i2i.App - MSISDN: 06910847220
11:33:11 [main] WARN  com.i2i.App - Location: TURKEY
11:33:11 [main] ERROR com.i2i.App - Service: SMS
11:33:11 [main] FATAL com.i2i.App - Amount: 1
11:33:11 [main] INFO  com.i2i.App - MSISDN: 06143823278
11:33:11 [main] WARN  com.i2i.App - Location: TURKEY
11:33:11 [main] ERROR com.i2i.App - Service: DATA
11:33:11 [main] FATAL com.i2i.App - Amount: 793410812
11:33:11 [main] INFO  com.i2i.App - MSISDN: 02373131031
11:33:11 [main] WARN  com.i2i.App - Location: TURKEY
11:33:11 [main] ERROR com.i2i.App - Service: VOICE
11:33:11 [main] FATAL com.i2i.App - Amount: 3251
11:33:11 [main] INFO  com.i2i.App - MSISDN: 01804223565
11:33:11 [main] WARN  com.i2i.App - Location: NORTHAMERICA
11:33:11 [main] ERROR com.i2i.App - Service: DATA
11:33:11 [main] FATAL com.i2i.App - Amount: 274174563
11:33:11 [main] INFO  com.i2i.App - MSISDN: 08310376538
11:33:11 [main] WARN  com.i2i.App - Location: NORTHAMERICA
11:33:11 [main] ERROR com.i2i.App - Service: DATA
11:33:11 [main] FATAL com.i2i.App - Amount: 783676796
11:33:11 [main] INFO  com.i2i.App - MSISDN: 03786277797
11:33:11 [main] WARN  com.i2i.App - Location: TURKEY
11:33:11 [main] ERROR com.i2i.App - Service: DATA
11:33:11 [main] FATAL com.i2i.App - Amount: 229995019
11:33:11 [main] INFO  com.i2i.App - MSISDN: 02182189649
11:33:11 [main] WARN  com.i2i.App - Location: TURKEY
11:33:11 [main] ERROR com.i2i.App - Service: VOICE
11:33:11 [main] FATAL com.i2i.App - Amount: 897
11:33:11 [main] INFO  com.i2i.App - MSISDN: 07345107781
11:33:11 [main] WARN  com.i2i.App - Location: TURKEY
11:33:11 [main] ERROR com.i2i.App - Service: SMS
11:33:11 [main] FATAL com.i2i.App - Amount: 1
11:33:11 [main] INFO  com.i2i.App - MSISDN: 01823467233
11:33:11 [main] WARN  com.i2i.App - Location: TURKEY
11:33:11 [main] ERROR com.i2i.App - Service: VOICE
11:33:11 [main] FATAL com.i2i.App - Amount: 3055
11:33:11 [main] INFO  com.i2i.App - MSISDN: 08828169468
11:33:11 [main] WARN  com.i2i.App - Location: EUROPE
11:33:11 [main] ERROR com.i2i.App - Service: SMS
11:33:11 [main] FATAL com.i2i.App - Amount: 1
11:33:11 [main] INFO  com.i2i.App - MSISDN: 06718473027
11:33:11 [main] WARN  com.i2i.App - Location: TURKEY
11:33:11 [main] ERROR com.i2i.App - Service: SMS
11:33:11 [main] FATAL com.i2i.App - Amount: 1
11:33:11 [main] INFO  com.i2i.App - MSISDN: 00683207626
11:33:11 [main] WARN  com.i2i.App - Location: NORTHAMERICA
11:33:11 [main] ERROR com.i2i.App - Service: SMS
11:33:11 [main] FATAL com.i2i.App - Amount: 1
11:33:11 [main] INFO  com.i2i.App - MSISDN: 02006204812
11:33:11 [main] WARN  com.i2i.App - Location: TURKEY
11:33:11 [main] ERROR com.i2i.App - Service: DATA
11:33:11 [main] FATAL com.i2i.App - Amount: 780381585
11:33:11 [main] INFO  com.i2i.App - MSISDN: 09099887076
11:33:11 [main] WARN  com.i2i.App - Location: TURKEY
11:33:11 [main] ERROR com.i2i.App - Service: VOICE
11:33:11 [main] FATAL com.i2i.App - Amount: 3521
11:33:11 [main] INFO  com.i2i.App - MSISDN: 01579264528
11:33:11 [main] WARN  com.i2i.App - Location: TURKEY
11:33:11 [main] ERROR com.i2i.App - Service: VOICE
11:33:11 [main] FATAL com.i2i.App - Amount: 382
11:33:11 [main] INFO  com.i2i.App - MSISDN: 08384269733
11:33:11 [main] WARN  com.i2i.App - Location: TURKEY
11:33:11 [main] ERROR com.i2i.App - Service: VOICE
11:33:11 [main] FATAL com.i2i.App - Amount: 1353
11:33:11 [main] INFO  com.i2i.App - MSISDN: 05758134390
11:33:11 [main] WARN  com.i2i.App - Location: MIDDLEEAST
11:33:11 [main] ERROR com.i2i.App - Service: VOICE
11:33:11 [main] FATAL com.i2i.App - Amount: 3068
11:33:11 [main] INFO  com.i2i.App - MSISDN: 09975448331
11:33:11 [main] WARN  com.i2i.App - Location: TURKEY
11:33:11 [main] ERROR com.i2i.App - Service: VOICE
11:33:11 [main] FATAL com.i2i.App - Amount: 385
11:33:11 [main] INFO  com.i2i.App - MSISDN: 07225069293
11:33:11 [main] WARN  com.i2i.App - Location: NORTHERNCYPRUS
11:33:11 [main] ERROR com.i2i.App - Service: VOICE
11:33:11 [main] FATAL com.i2i.App - Amount: 2909
11:33:11 [main] INFO  com.i2i.App - MSISDN: 00826787139
11:33:11 [main] WARN  com.i2i.App - Location: EUROPE
11:33:11 [main] ERROR com.i2i.App - Service: SMS
11:33:11 [main] FATAL com.i2i.App - Amount: 1
11:33:11 [main] INFO  com.i2i.App - MSISDN: 01424569641
11:33:11 [main] WARN  com.i2i.App - Location: OTHER
11:33:11 [main] ERROR com.i2i.App - Service: VOICE
11:33:11 [main] FATAL com.i2i.App - Amount: 2920
11:33:11 [main] INFO  com.i2i.App - MSISDN: 07730697945
11:33:11 [main] WARN  com.i2i.App - Location: MIDDLEEAST
11:33:11 [main] ERROR com.i2i.App - Service: DATA
11:33:11 [main] FATAL com.i2i.App - Amount: 1208561030
11:33:11 [main] INFO  com.i2i.App - MSISDN: 07765059623
11:33:11 [main] WARN  com.i2i.App - Location: TURKEY
11:33:11 [main] ERROR com.i2i.App - Service: VOICE
11:33:11 [main] FATAL com.i2i.App - Amount: 2609
11:33:11 [main] INFO  com.i2i.App - MSISDN: 04954792801
11:33:11 [main] WARN  com.i2i.App - Location: TURKEY
11:33:11 [main] ERROR com.i2i.App - Service: SMS
11:33:11 [main] FATAL com.i2i.App - Amount: 1
11:33:11 [main] INFO  com.i2i.App - MSISDN: 09364808253
11:33:11 [main] WARN  com.i2i.App - Location: TURKEY
11:33:11 [main] ERROR com.i2i.App - Service: SMS
11:33:11 [main] FATAL com.i2i.App - Amount: 1
11:33:11 [main] INFO  com.i2i.App - MSISDN: 09037063120
11:33:11 [main] WARN  com.i2i.App - Location: TURKEY
11:33:11 [main] ERROR com.i2i.App - Service: VOICE
11:33:11 [main] FATAL com.i2i.App - Amount: 736
11:33:11 [main] INFO  com.i2i.App - MSISDN: 08648441172
11:33:11 [main] WARN  com.i2i.App - Location: TURKEY
11:33:11 [main] ERROR com.i2i.App - Service: VOICE
11:33:11 [main] FATAL com.i2i.App - Amount: 2962
11:33:11 [main] INFO  com.i2i.App - MSISDN: 00518383513
11:33:11 [main] WARN  com.i2i.App - Location: TURKEY
11:33:11 [main] ERROR com.i2i.App - Service: SMS
11:33:11 [main] FATAL com.i2i.App - Amount: 1
11:33:11 [main] INFO  com.i2i.App - MSISDN: 07768650590
11:33:11 [main] WARN  com.i2i.App - Location: TURKEY
11:33:11 [main] ERROR com.i2i.App - Service: DATA
11:33:11 [main] FATAL com.i2i.App - Amount: 255130397
11:33:11 [main] INFO  com.i2i.App - MSISDN: 09234198067
11:33:11 [main] WARN  com.i2i.App - Location: TURKEY
11:33:11 [main] ERROR com.i2i.App - Service: VOICE
11:33:11 [main] FATAL com.i2i.App - Amount: 2988
11:33:11 [main] INFO  com.i2i.App - MSISDN: 09551891307
11:33:11 [main] WARN  com.i2i.App - Location: TURKEY
11:33:11 [main] ERROR com.i2i.App - Service: SMS
11:33:11 [main] FATAL com.i2i.App - Amount: 1
11:33:11 [main] INFO  com.i2i.App - MSISDN: 07010876382
11:33:11 [main] WARN  com.i2i.App - Location: TURKEY
11:33:11 [main] ERROR com.i2i.App - Service: VOICE
11:33:11 [main] FATAL com.i2i.App - Amount: 2915
11:33:11 [main] INFO  com.i2i.App - MSISDN: 04168617046
11:33:11 [main] WARN  com.i2i.App - Location: TURKEY
11:33:11 [main] ERROR com.i2i.App - Service: VOICE
11:33:11 [main] FATAL com.i2i.App - Amount: 82
11:33:11 [main] INFO  com.i2i.App - MSISDN: 08446568154
11:33:11 [main] WARN  com.i2i.App - Location: NORTHAMERICA
11:33:11 [main] ERROR com.i2i.App - Service: VOICE
11:33:11 [main] FATAL com.i2i.App - Amount: 2260
11:33:11 [main] INFO  com.i2i.App - MSISDN: 08804116563
11:33:11 [main] WARN  com.i2i.App - Location: RUSSIA
11:33:11 [main] ERROR com.i2i.App - Service: VOICE
11:33:11 [main] FATAL com.i2i.App - Amount: 3138
11:33:11 [main] INFO  com.i2i.App - MSISDN: 05064400367
11:33:11 [main] WARN  com.i2i.App - Location: TURKEY
11:33:11 [main] ERROR com.i2i.App - Service: VOICE
11:33:11 [main] FATAL com.i2i.App - Amount: 3594
11:33:11 [main] INFO  com.i2i.App - MSISDN: 05108501174
11:33:11 [main] WARN  com.i2i.App - Location: TURKEY
11:33:11 [main] ERROR com.i2i.App - Service: VOICE
11:33:11 [main] FATAL com.i2i.App - Amount: 2998
11:33:11 [main] INFO  com.i2i.App - MSISDN: 07640725998
11:33:11 [main] WARN  com.i2i.App - Location: NORTHAMERICA
11:33:11 [main] ERROR com.i2i.App - Service: VOICE
11:33:11 [main] FATAL com.i2i.App - Amount: 3055
11:33:11 [main] INFO  com.i2i.App - MSISDN: 09701313044
11:33:11 [main] WARN  com.i2i.App - Location: EUROPE
11:33:11 [main] ERROR com.i2i.App - Service: SMS
11:33:11 [main] FATAL com.i2i.App - Amount: 1
11:33:11 [main] INFO  com.i2i.App - MSISDN: 01213798985
11:33:11 [main] WARN  com.i2i.App - Location: TURKEY
11:33:11 [main] ERROR com.i2i.App - Service: DATA
11:33:11 [main] FATAL com.i2i.App - Amount: 378476499
11:33:11 [main] INFO  com.i2i.App - MSISDN: 07398725899
11:33:11 [main] WARN  com.i2i.App - Location: TURKEY
11:33:11 [main] ERROR com.i2i.App - Service: SMS
11:33:11 [main] FATAL com.i2i.App - Amount: 1
11:33:11 [main] INFO  com.i2i.App - MSISDN: 07384351997
11:33:11 [main] WARN  com.i2i.App - Location: TURKEY
11:33:11 [main] ERROR com.i2i.App - Service: DATA
11:33:11 [main] FATAL com.i2i.App - Amount: 750691391
11:33:11 [main] INFO  com.i2i.App - MSISDN: 00634657180
11:33:11 [main] WARN  com.i2i.App - Location: NORTHERNCYPRUS
11:33:11 [main] ERROR com.i2i.App - Service: DATA
11:33:11 [main] FATAL com.i2i.App - Amount: 1206070842
11:33:11 [main] INFO  com.i2i.App - MSISDN: 06523278620
11:33:11 [main] WARN  com.i2i.App - Location: TURKEY
11:33:11 [main] ERROR com.i2i.App - Service: VOICE
11:33:11 [main] FATAL com.i2i.App - Amount: 2690
11:33:11 [main] INFO  com.i2i.App - MSISDN: 02066426106
11:33:11 [main] WARN  com.i2i.App - Location: TURKEY
11:33:11 [main] ERROR com.i2i.App - Service: DATA
11:33:11 [main] FATAL com.i2i.App - Amount: 852378128
11:33:11 [main] INFO  com.i2i.App - MSISDN: 02996008001
11:33:11 [main] WARN  com.i2i.App - Location: TURKEY
11:33:11 [main] ERROR com.i2i.App - Service: SMS
11:33:11 [main] FATAL com.i2i.App - Amount: 1
11:33:11 [main] INFO  com.i2i.App - MSISDN: 08998653507
11:33:11 [main] WARN  com.i2i.App - Location: TURKEY
11:33:11 [main] ERROR com.i2i.App - Service: DATA
11:33:11 [main] FATAL com.i2i.App - Amount: 749715239
11:33:11 [main] INFO  com.i2i.App - MSISDN: 00864538191
11:33:11 [main] WARN  com.i2i.App - Location: OTHER
11:33:11 [main] ERROR com.i2i.App - Service: VOICE
11:33:11 [main] FATAL com.i2i.App - Amount: 1396
11:33:11 [main] INFO  com.i2i.App - MSISDN: 02982947364
11:33:11 [main] WARN  com.i2i.App - Location: TURKEY
11:33:11 [main] ERROR com.i2i.App - Service: VOICE
11:33:11 [main] FATAL com.i2i.App - Amount: 3185
11:33:11 [main] INFO  com.i2i.App - MSISDN: 09938233285
11:33:11 [main] WARN  com.i2i.App - Location: MIDDLEEAST
11:33:11 [main] ERROR com.i2i.App - Service: DATA
11:33:11 [main] FATAL com.i2i.App - Amount: 824165097
11:33:11 [main] INFO  com.i2i.App - MSISDN: 04618345377
11:33:11 [main] WARN  com.i2i.App - Location: TURKEY
11:33:11 [main] ERROR com.i2i.App - Service: VOICE
11:33:11 [main] FATAL com.i2i.App - Amount: 3088
11:33:11 [main] INFO  com.i2i.App - MSISDN: 07818713483
11:33:11 [main] WARN  com.i2i.App - Location: NORTHAMERICA
11:33:11 [main] ERROR com.i2i.App - Service: DATA
11:33:11 [main] FATAL com.i2i.App - Amount: 802042928
11:33:11 [main] INFO  com.i2i.App - MSISDN: 03611762182
11:33:11 [main] WARN  com.i2i.App - Location: TURKEY
11:33:11 [main] ERROR com.i2i.App - Service: SMS
11:33:11 [main] FATAL com.i2i.App - Amount: 1
11:33:11 [main] INFO  com.i2i.App - MSISDN: 00215011583
11:33:11 [main] WARN  com.i2i.App - Location: TURKEY
11:33:11 [main] ERROR com.i2i.App - Service: VOICE
11:33:11 [main] FATAL com.i2i.App - Amount: 664
11:33:11 [main] INFO  com.i2i.App - MSISDN: 00876956918
11:33:11 [main] WARN  com.i2i.App - Location: EUROPE
11:33:11 [main] ERROR com.i2i.App - Service: SMS
11:33:11 [main] FATAL com.i2i.App - Amount: 1
11:33:11 [main] INFO  com.i2i.App - MSISDN: 09806345398
11:33:11 [main] WARN  com.i2i.App - Location: TURKEY
11:33:11 [main] ERROR com.i2i.App - Service: DATA
11:33:11 [main] FATAL com.i2i.App - Amount: 145051618
11:33:11 [main] INFO  com.i2i.App - MSISDN: 01072400119
11:33:11 [main] WARN  com.i2i.App - Location: NORTHAMERICA
11:33:11 [main] ERROR com.i2i.App - Service: SMS
11:33:11 [main] FATAL com.i2i.App - Amount: 1
11:33:11 [main] INFO  com.i2i.App - MSISDN: 08807537708
11:33:11 [main] WARN  com.i2i.App - Location: TURKEY
11:33:11 [main] ERROR com.i2i.App - Service: SMS
11:33:11 [main] FATAL com.i2i.App - Amount: 1
11:33:11 [main] INFO  com.i2i.App - MSISDN: 04894499120
11:33:11 [main] WARN  com.i2i.App - Location: RUSSIA
11:33:11 [main] ERROR com.i2i.App - Service: VOICE
11:33:11 [main] FATAL com.i2i.App - Amount: 2503
11:33:11 [main] INFO  com.i2i.App - MSISDN: 01419103459
11:33:11 [main] WARN  com.i2i.App - Location: TURKEY
11:33:11 [main] ERROR com.i2i.App - Service: SMS
11:33:11 [main] FATAL com.i2i.App - Amount: 1
11:33:11 [main] INFO  com.i2i.App - MSISDN: 05587521272
11:33:11 [main] WARN  com.i2i.App - Location: TURKEY
11:33:11 [main] ERROR com.i2i.App - Service: SMS
11:33:11 [main] FATAL com.i2i.App - Amount: 1
11:33:11 [main] INFO  com.i2i.App - MSISDN: 09919469939
11:33:11 [main] WARN  com.i2i.App - Location: TURKEY
11:33:11 [main] ERROR com.i2i.App - Service: VOICE
11:33:11 [main] FATAL com.i2i.App - Amount: 316
11:33:11 [main] INFO  com.i2i.App - MSISDN: 01637080961
11:33:11 [main] WARN  com.i2i.App - Location: EUROPE
11:33:11 [main] ERROR com.i2i.App - Service: DATA
11:33:11 [main] FATAL com.i2i.App - Amount: 432016402
11:33:11 [main] INFO  com.i2i.App - MSISDN: 08315500360
11:33:11 [main] WARN  com.i2i.App - Location: TURKEY
11:33:11 [main] ERROR com.i2i.App - Service: SMS
11:33:11 [main] FATAL com.i2i.App - Amount: 1
11:33:11 [main] INFO  com.i2i.App - MSISDN: 08919331070
11:33:11 [main] WARN  com.i2i.App - Location: RUSSIA
11:33:11 [main] ERROR com.i2i.App - Service: VOICE
11:33:11 [main] FATAL com.i2i.App - Amount: 507
11:33:11 [main] INFO  com.i2i.App - MSISDN: 04775121425
11:33:11 [main] WARN  com.i2i.App - Location: RUSSIA
11:33:11 [main] ERROR com.i2i.App - Service: VOICE
11:33:11 [main] FATAL com.i2i.App - Amount: 896
11:33:11 [main] INFO  com.i2i.App - MSISDN: 08715109756
11:33:11 [main] WARN  com.i2i.App - Location: TURKEY
11:33:11 [main] ERROR com.i2i.App - Service: SMS
11:33:11 [main] FATAL com.i2i.App - Amount: 1
11:33:11 [main] INFO  com.i2i.App - MSISDN: 09028556266
11:33:11 [main] WARN  com.i2i.App - Location: MIDDLEEAST
11:33:11 [main] ERROR com.i2i.App - Service: SMS
11:33:11 [main] FATAL com.i2i.App - Amount: 1
11:33:11 [main] INFO  com.i2i.App - MSISDN: 00519155802
11:33:11 [main] WARN  com.i2i.App - Location: TURKEY
11:33:11 [main] ERROR com.i2i.App - Service: DATA
11:33:11 [main] FATAL com.i2i.App - Amount: 284072954
11:33:11 [main] INFO  com.i2i.App - MSISDN: 03530483219
11:33:11 [main] WARN  com.i2i.App - Location: TURKEY
11:33:11 [main] ERROR com.i2i.App - Service: VOICE
11:33:11 [main] FATAL com.i2i.App - Amount: 2986
11:33:11 [main] INFO  com.i2i.App - MSISDN: 09769048004
11:33:11 [main] WARN  com.i2i.App - Location: TURKEY
11:33:11 [main] ERROR com.i2i.App - Service: DATA
11:33:11 [main] FATAL com.i2i.App - Amount: 248692078
11:33:11 [main] INFO  com.i2i.App - MSISDN: 09394872500
11:33:11 [main] WARN  com.i2i.App - Location: NORTHAMERICA
11:33:11 [main] ERROR com.i2i.App - Service: SMS
11:33:11 [main] FATAL com.i2i.App - Amount: 1
11:33:11 [main] INFO  com.i2i.App - MSISDN: 02200380605
11:33:11 [main] WARN  com.i2i.App - Location: RUSSIA
11:33:11 [main] ERROR com.i2i.App - Service: SMS
11:33:11 [main] FATAL com.i2i.App - Amount: 1
11:33:11 [main] INFO  com.i2i.App - MSISDN: 08131748474
11:33:11 [main] WARN  com.i2i.App - Location: NORTHERNCYPRUS
11:33:11 [main] ERROR com.i2i.App - Service: DATA
11:33:11 [main] FATAL com.i2i.App - Amount: 220485304
11:33:11 [main] INFO  com.i2i.App - MSISDN: 00537832611
11:33:11 [main] WARN  com.i2i.App - Location: TURKEY
11:33:11 [main] ERROR com.i2i.App - Service: DATA
11:33:11 [main] FATAL com.i2i.App - Amount: 882229757
11:33:11 [main] INFO  com.i2i.App - MSISDN: 08261065573
11:33:11 [main] WARN  com.i2i.App - Location: TURKEY
11:33:11 [main] ERROR com.i2i.App - Service: SMS
11:33:11 [main] FATAL com.i2i.App - Amount: 1
11:33:11 [main] INFO  com.i2i.App - MSISDN: 08060502882
11:33:11 [main] WARN  com.i2i.App - Location: RUSSIA
11:33:11 [main] ERROR com.i2i.App - Service: VOICE
11:33:11 [main] FATAL com.i2i.App - Amount: 2591
11:33:11 [main] INFO  com.i2i.App - MSISDN: 04118306366
11:33:11 [main] WARN  com.i2i.App - Location: NORTHERNCYPRUS
11:33:11 [main] ERROR com.i2i.App - Service: DATA
11:33:11 [main] FATAL com.i2i.App - Amount: 491391810
11:33:11 [main] INFO  com.i2i.App - MSISDN: 07356682816
11:33:11 [main] WARN  com.i2i.App - Location: TURKEY
11:33:11 [main] ERROR com.i2i.App - Service: SMS
11:33:11 [main] FATAL com.i2i.App - Amount: 1
11:33:11 [main] INFO  com.i2i.App - MSISDN: 08503172061
11:33:11 [main] WARN  com.i2i.App - Location: TURKEY
11:33:11 [main] ERROR com.i2i.App - Service: DATA
11:33:11 [main] FATAL com.i2i.App - Amount: 693244212
11:33:11 [main] INFO  com.i2i.App - MSISDN: 06954151873
11:33:11 [main] WARN  com.i2i.App - Location: EUROPE
11:33:11 [main] ERROR com.i2i.App - Service: VOICE
11:33:11 [main] FATAL com.i2i.App - Amount: 1660
11:33:11 [main] INFO  com.i2i.App - MSISDN: 03139788683
11:33:11 [main] WARN  com.i2i.App - Location: TURKEY
11:33:11 [main] ERROR com.i2i.App - Service: VOICE
11:33:11 [main] FATAL com.i2i.App - Amount: 489
11:33:11 [main] INFO  com.i2i.App - MSISDN: 04533610807
11:33:11 [main] WARN  com.i2i.App - Location: TURKEY
11:33:11 [main] ERROR com.i2i.App - Service: SMS
11:33:11 [main] FATAL com.i2i.App - Amount: 1
11:33:11 [main] INFO  com.i2i.App - MSISDN: 00312156832
11:33:11 [main] WARN  com.i2i.App - Location: TURKEY
11:33:11 [main] ERROR com.i2i.App - Service: SMS
11:33:11 [main] FATAL com.i2i.App - Amount: 1
11:33:11 [main] INFO  com.i2i.App - MSISDN: 04967812982
11:33:11 [main] WARN  com.i2i.App - Location: OTHER
11:33:11 [main] ERROR com.i2i.App - Service: VOICE
11:33:11 [main] FATAL com.i2i.App - Amount: 1966
11:33:11 [main] INFO  com.i2i.App - MSISDN: 04394437600
11:33:11 [main] WARN  com.i2i.App - Location: TURKEY
11:33:11 [main] ERROR com.i2i.App - Service: SMS
11:33:11 [main] FATAL com.i2i.App - Amount: 1
11:33:11 [main] INFO  com.i2i.App - MSISDN: 03143029875
11:33:11 [main] WARN  com.i2i.App - Location: RUSSIA
11:33:11 [main] ERROR com.i2i.App - Service: DATA
11:33:11 [main] FATAL com.i2i.App - Amount: 566968597
11:33:11 [main] INFO  com.i2i.App - MSISDN: 02553279507
11:33:11 [main] WARN  com.i2i.App - Location: TURKEY
11:33:11 [main] ERROR com.i2i.App - Service: DATA
11:33:11 [main] FATAL com.i2i.App - Amount: 248270280
11:33:11 [main] INFO  com.i2i.App - MSISDN: 08659194774
11:33:11 [main] WARN  com.i2i.App - Location: TURKEY
11:33:11 [main] ERROR com.i2i.App - Service: SMS
11:33:11 [main] FATAL com.i2i.App - Amount: 1
11:33:11 [main] INFO  com.i2i.App - MSISDN: 01445851253
11:33:11 [main] WARN  com.i2i.App - Location: NORTHAMERICA
11:33:11 [main] ERROR com.i2i.App - Service: SMS
11:33:11 [main] FATAL com.i2i.App - Amount: 1
11:33:11 [main] INFO  com.i2i.App - MSISDN: 09047036054
11:33:11 [main] WARN  com.i2i.App - Location: NORTHAMERICA
11:33:11 [main] ERROR com.i2i.App - Service: SMS
11:33:11 [main] FATAL com.i2i.App - Amount: 1
11:33:11 [main] INFO  com.i2i.App - MSISDN: 02823565404
11:33:11 [main] WARN  com.i2i.App - Location: TURKEY
11:33:11 [main] ERROR com.i2i.App - Service: VOICE
11:33:11 [main] FATAL com.i2i.App - Amount: 2238
11:33:11 [main] INFO  com.i2i.App - MSISDN: 08406233085
11:33:11 [main] WARN  com.i2i.App - Location: NORTHAMERICA
11:33:11 [main] ERROR com.i2i.App - Service: SMS
11:33:11 [main] FATAL com.i2i.App - Amount: 1
11:33:11 [main] INFO  com.i2i.App - MSISDN: 06138465217
11:33:11 [main] WARN  com.i2i.App - Location: MIDDLEEAST
11:33:11 [main] ERROR com.i2i.App - Service: VOICE
11:33:11 [main] FATAL com.i2i.App - Amount: 2246
11:33:11 [main] INFO  com.i2i.App - MSISDN: 04263603280
11:33:11 [main] WARN  com.i2i.App - Location: TURKEY
11:33:11 [main] ERROR com.i2i.App - Service: SMS
11:33:11 [main] FATAL com.i2i.App - Amount: 1
11:33:11 [main] INFO  com.i2i.App - MSISDN: 02642618352
11:33:11 [main] WARN  com.i2i.App - Location: TURKEY
11:33:11 [main] ERROR com.i2i.App - Service: DATA
11:33:11 [main] FATAL com.i2i.App - Amount: 431971156
11:33:11 [main] INFO  com.i2i.App - MSISDN: 08427158823
11:33:11 [main] WARN  com.i2i.App - Location: TURKEY
11:33:11 [main] ERROR com.i2i.App - Service: VOICE
11:33:11 [main] FATAL com.i2i.App - Amount: 2730
11:33:11 [main] INFO  com.i2i.App - MSISDN: 04279642086
11:33:11 [main] WARN  com.i2i.App - Location: TURKEY
11:33:11 [main] ERROR com.i2i.App - Service: VOICE
11:33:11 [main] FATAL com.i2i.App - Amount: 678
11:33:11 [main] INFO  com.i2i.App - MSISDN: 01561157637
11:33:11 [main] WARN  com.i2i.App - Location: TURKEY
11:33:11 [main] ERROR com.i2i.App - Service: SMS
11:33:11 [main] FATAL com.i2i.App - Amount: 1
11:33:11 [main] INFO  com.i2i.App - MSISDN: 02941662583
11:33:11 [main] WARN  com.i2i.App - Location: TURKEY
11:33:11 [main] ERROR com.i2i.App - Service: SMS
11:33:11 [main] FATAL com.i2i.App - Amount: 1
11:33:11 [main] INFO  com.i2i.App - MSISDN: 05220053166
11:33:11 [main] WARN  com.i2i.App - Location: TURKEY
11:33:11 [main] ERROR com.i2i.App - Service: DATA
11:33:11 [main] FATAL com.i2i.App - Amount: 379355883
11:33:11 [main] INFO  com.i2i.App - MSISDN: 00155545357
11:33:11 [main] WARN  com.i2i.App - Location: TURKEY
11:33:11 [main] ERROR com.i2i.App - Service: DATA
11:33:11 [main] FATAL com.i2i.App - Amount: 958471575
11:33:11 [main] INFO  com.i2i.App - MSISDN: 00118675608
11:33:11 [main] WARN  com.i2i.App - Location: NORTHERNCYPRUS
11:33:11 [main] ERROR com.i2i.App - Service: SMS
11:33:11 [main] FATAL com.i2i.App - Amount: 1
11:33:11 [main] INFO  com.i2i.App - MSISDN: 01109820439
11:33:11 [main] WARN  com.i2i.App - Location: NORTHERNCYPRUS
11:33:11 [main] ERROR com.i2i.App - Service: SMS
11:33:11 [main] FATAL com.i2i.App - Amount: 1
11:33:11 [main] INFO  com.i2i.App - MSISDN: 03242969905
11:33:11 [main] WARN  com.i2i.App - Location: TURKEY
11:33:11 [main] ERROR com.i2i.App - Service: DATA
11:33:11 [main] FATAL com.i2i.App - Amount: 487122438
11:33:11 [main] INFO  com.i2i.App - MSISDN: 07303731336
11:33:11 [main] WARN  com.i2i.App - Location: TURKEY
11:33:11 [main] ERROR com.i2i.App - Service: SMS
11:33:11 [main] FATAL com.i2i.App - Amount: 1
11:33:11 [main] INFO  com.i2i.App - MSISDN: 07845352679
11:33:11 [main] WARN  com.i2i.App - Location: NORTHAMERICA
11:33:11 [main] ERROR com.i2i.App - Service: SMS
11:33:11 [main] FATAL com.i2i.App - Amount: 1
11:33:11 [main] INFO  com.i2i.App - MSISDN: 02467438440
11:33:11 [main] WARN  com.i2i.App - Location: RUSSIA
11:33:11 [main] ERROR com.i2i.App - Service: VOICE
11:33:11 [main] FATAL com.i2i.App - Amount: 2568
11:33:11 [main] INFO  com.i2i.App - MSISDN: 04049264823
11:33:11 [main] WARN  com.i2i.App - Location: NORTHERNCYPRUS
11:33:11 [main] ERROR com.i2i.App - Service: DATA
11:33:11 [main] FATAL com.i2i.App - Amount: 693632995
11:33:11 [main] INFO  com.i2i.App - MSISDN: 08943722671
11:33:11 [main] WARN  com.i2i.App - Location: TURKEY
11:33:11 [main] ERROR com.i2i.App - Service: SMS
11:33:11 [main] FATAL com.i2i.App - Amount: 1
11:33:11 [main] INFO  com.i2i.App - MSISDN: 00428368572
11:33:11 [main] WARN  com.i2i.App - Location: NORTHERNCYPRUS
11:33:11 [main] ERROR com.i2i.App - Service: SMS
11:33:11 [main] FATAL com.i2i.App - Amount: 1
11:33:11 [main] INFO  com.i2i.App - MSISDN: 03270039269
11:33:11 [main] WARN  com.i2i.App - Location: TURKEY
11:33:11 [main] ERROR com.i2i.App - Service: VOICE
11:33:11 [main] FATAL com.i2i.App - Amount: 3466
11:33:11 [main] INFO  com.i2i.App - MSISDN: 05417136891
11:33:11 [main] WARN  com.i2i.App - Location: TURKEY
11:33:11 [main] ERROR com.i2i.App - Service: VOICE
11:33:11 [main] FATAL com.i2i.App - Amount: 1014
11:33:11 [main] INFO  com.i2i.App - MSISDN: 08223381471
11:33:11 [main] WARN  com.i2i.App - Location: TURKEY
11:33:11 [main] ERROR com.i2i.App - Service: VOICE
11:33:11 [main] FATAL com.i2i.App - Amount: 1981
11:33:11 [main] INFO  com.i2i.App - MSISDN: 03097284255
11:33:11 [main] WARN  com.i2i.App - Location: TURKEY
11:33:11 [main] ERROR com.i2i.App - Service: VOICE
11:33:11 [main] FATAL com.i2i.App - Amount: 3460
11:33:11 [main] INFO  com.i2i.App - MSISDN: 02211930183
11:33:11 [main] WARN  com.i2i.App - Location: EUROPE
11:33:11 [main] ERROR com.i2i.App - Service: DATA
11:33:11 [main] FATAL com.i2i.App - Amount: 725570986
11:33:11 [main] INFO  com.i2i.App - MSISDN: 00131669420
11:33:11 [main] WARN  com.i2i.App - Location: TURKEY
11:33:11 [main] ERROR com.i2i.App - Service: SMS
11:33:11 [main] FATAL com.i2i.App - Amount: 1
11:33:11 [main] INFO  com.i2i.App - MSISDN: 04332010575
11:33:11 [main] WARN  com.i2i.App - Location: TURKEY
11:33:11 [main] ERROR com.i2i.App - Service: VOICE
11:33:11 [main] FATAL com.i2i.App - Amount: 1937
11:33:11 [main] INFO  com.i2i.App - MSISDN: 01726810223
11:33:11 [main] WARN  com.i2i.App - Location: NORTHAMERICA
11:33:11 [main] ERROR com.i2i.App - Service: DATA
11:33:11 [main] FATAL com.i2i.App - Amount: 53426500
11:33:11 [main] INFO  com.i2i.App - MSISDN: 07322653518
11:33:11 [main] WARN  com.i2i.App - Location: NORTHAMERICA
11:33:11 [main] ERROR com.i2i.App - Service: SMS
11:33:11 [main] FATAL com.i2i.App - Amount: 1
11:33:11 [main] INFO  com.i2i.App - MSISDN: 09628962096
11:33:11 [main] WARN  com.i2i.App - Location: TURKEY
11:33:11 [main] ERROR com.i2i.App - Service: VOICE
11:33:11 [main] FATAL com.i2i.App - Amount: 810
11:33:11 [main] INFO  com.i2i.App - MSISDN: 01018163918
11:33:11 [main] WARN  com.i2i.App - Location: MIDDLEEAST
11:33:11 [main] ERROR com.i2i.App - Service: VOICE
11:33:11 [main] FATAL com.i2i.App - Amount: 836
11:33:11 [main] INFO  com.i2i.App - MSISDN: 08372970348
11:33:11 [main] WARN  com.i2i.App - Location: TURKEY
11:33:11 [main] ERROR com.i2i.App - Service: DATA
11:33:11 [main] FATAL com.i2i.App - Amount: 694272844
11:33:11 [main] INFO  com.i2i.App - MSISDN: 07209458201
11:33:11 [main] WARN  com.i2i.App - Location: TURKEY
11:33:11 [main] ERROR com.i2i.App - Service: VOICE
11:33:11 [main] FATAL com.i2i.App - Amount: 1907
11:33:11 [main] INFO  com.i2i.App - MSISDN: 08686899282
11:33:11 [main] WARN  com.i2i.App - Location: TURKEY
11:33:11 [main] ERROR com.i2i.App - Service: SMS
11:33:11 [main] FATAL com.i2i.App - Amount: 1
11:33:11 [main] INFO  com.i2i.App - MSISDN: 08670556189
11:33:11 [main] WARN  com.i2i.App - Location: OTHER
11:33:11 [main] ERROR com.i2i.App - Service: VOICE
11:33:11 [main] FATAL com.i2i.App - Amount: 1964
11:33:11 [main] INFO  com.i2i.App - MSISDN: 08219085607
11:33:11 [main] WARN  com.i2i.App - Location: TURKEY
11:33:11 [main] ERROR com.i2i.App - Service: VOICE
11:33:11 [main] FATAL com.i2i.App - Amount: 2684
11:33:11 [main] INFO  com.i2i.App - MSISDN: 04809368602
11:33:11 [main] WARN  com.i2i.App - Location: TURKEY
11:33:11 [main] ERROR com.i2i.App - Service: VOICE
11:33:11 [main] FATAL com.i2i.App - Amount: 1175
11:33:11 [main] INFO  com.i2i.App - MSISDN: 04569264399
11:33:11 [main] WARN  com.i2i.App - Location: TURKEY
11:33:11 [main] ERROR com.i2i.App - Service: VOICE
11:33:11 [main] FATAL com.i2i.App - Amount: 1631
11:33:11 [main] INFO  com.i2i.App - MSISDN: 05421577046
11:33:11 [main] WARN  com.i2i.App - Location: NORTHERNCYPRUS
11:33:11 [main] ERROR com.i2i.App - Service: DATA
11:33:11 [main] FATAL com.i2i.App - Amount: 1008049542
11:33:11 [main] INFO  com.i2i.App - MSISDN: 01027383825
11:33:11 [main] WARN  com.i2i.App - Location: TURKEY
11:33:11 [main] ERROR com.i2i.App - Service: SMS
11:33:11 [main] FATAL com.i2i.App - Amount: 1
11:33:11 [main] INFO  com.i2i.App - MSISDN: 02256410380
11:33:11 [main] WARN  com.i2i.App - Location: TURKEY
11:33:11 [main] ERROR com.i2i.App - Service: DATA
11:33:11 [main] FATAL com.i2i.App - Amount: 641218150
11:33:11 [main] INFO  com.i2i.App - MSISDN: 09053516010
11:33:11 [main] WARN  com.i2i.App - Location: TURKEY
11:33:11 [main] ERROR com.i2i.App - Service: DATA
11:33:11 [main] FATAL com.i2i.App - Amount: 773194741
11:33:11 [main] INFO  com.i2i.App - MSISDN: 04085074185
11:33:11 [main] WARN  com.i2i.App - Location: TURKEY
11:33:11 [main] ERROR com.i2i.App - Service: VOICE
11:33:11 [main] FATAL com.i2i.App - Amount: 932
11:33:11 [main] INFO  com.i2i.App - MSISDN: 04890702509
11:33:11 [main] WARN  com.i2i.App - Location: OTHER
11:33:11 [main] ERROR com.i2i.App - Service: VOICE
11:33:11 [main] FATAL com.i2i.App - Amount: 317
11:33:11 [main] INFO  com.i2i.App - MSISDN: 01641834479
11:33:11 [main] WARN  com.i2i.App - Location: RUSSIA
11:33:11 [main] ERROR com.i2i.App - Service: VOICE
11:33:11 [main] FATAL com.i2i.App - Amount: 1254
11:33:11 [main] INFO  com.i2i.App - MSISDN: 06318374832
11:33:11 [main] WARN  com.i2i.App - Location: MIDDLEEAST
11:33:11 [main] ERROR com.i2i.App - Service: DATA
11:33:11 [main] FATAL com.i2i.App - Amount: 617431086
11:33:11 [main] INFO  com.i2i.App - MSISDN: 02225234240
11:33:11 [main] WARN  com.i2i.App - Location: NORTHERNCYPRUS
11:33:11 [main] ERROR com.i2i.App - Service: SMS
11:33:11 [main] FATAL com.i2i.App - Amount: 1
11:33:11 [main] INFO  com.i2i.App - MSISDN: 00227159282
11:33:11 [main] WARN  com.i2i.App - Location: TURKEY
11:33:11 [main] ERROR com.i2i.App - Service: VOICE
11:33:11 [main] FATAL com.i2i.App - Amount: 1935
11:33:11 [main] INFO  com.i2i.App - MSISDN: 08488694988
11:33:11 [main] WARN  com.i2i.App - Location: TURKEY
11:33:11 [main] ERROR com.i2i.App - Service: VOICE
11:33:11 [main] FATAL com.i2i.App - Amount: 3593
11:33:11 [main] INFO  com.i2i.App - MSISDN: 06203500785
11:33:11 [main] WARN  com.i2i.App - Location: NORTHAMERICA
11:33:11 [main] ERROR com.i2i.App - Service: DATA
11:33:11 [main] FATAL com.i2i.App - Amount: 276219840
11:33:11 [main] INFO  com.i2i.App - MSISDN: 09874539459
11:33:11 [main] WARN  com.i2i.App - Location: TURKEY
11:33:11 [main] ERROR com.i2i.App - Service: DATA
11:33:11 [main] FATAL com.i2i.App - Amount: 655670328
11:33:11 [main] INFO  com.i2i.App - MSISDN: 03665512065
11:33:11 [main] WARN  com.i2i.App - Location: TURKEY
11:33:11 [main] ERROR com.i2i.App - Service: DATA
11:33:11 [main] FATAL com.i2i.App - Amount: 221553981
11:33:11 [main] INFO  com.i2i.App - MSISDN: 04496517420
11:33:11 [main] WARN  com.i2i.App - Location: TURKEY
11:33:11 [main] ERROR com.i2i.App - Service: SMS
11:33:11 [main] FATAL com.i2i.App - Amount: 1
11:33:11 [main] INFO  com.i2i.App - MSISDN: 09422776967
11:33:11 [main] WARN  com.i2i.App - Location: TURKEY
11:33:11 [main] ERROR com.i2i.App - Service: DATA
11:33:11 [main] FATAL com.i2i.App - Amount: 281813482
11:33:11 [main] INFO  com.i2i.App - MSISDN: 02982517710
11:33:11 [main] WARN  com.i2i.App - Location: OTHER
11:33:11 [main] ERROR com.i2i.App - Service: SMS
11:33:11 [main] FATAL com.i2i.App - Amount: 1
11:33:11 [main] INFO  com.i2i.App - MSISDN: 02262268585
11:33:11 [main] WARN  com.i2i.App - Location: TURKEY
11:33:11 [main] ERROR com.i2i.App - Service: SMS
11:33:11 [main] FATAL com.i2i.App - Amount: 1
11:33:11 [main] INFO  com.i2i.App - MSISDN: 08939399463
11:33:11 [main] WARN  com.i2i.App - Location: TURKEY
11:33:11 [main] ERROR com.i2i.App - Service: VOICE
11:33:11 [main] FATAL com.i2i.App - Amount: 1392
11:33:11 [main] INFO  com.i2i.App - MSISDN: 08964127081
11:33:11 [main] WARN  com.i2i.App - Location: OTHER
11:33:11 [main] ERROR com.i2i.App - Service: VOICE
11:33:11 [main] FATAL com.i2i.App - Amount: 1658
11:33:11 [main] INFO  com.i2i.App - MSISDN: 09753627952
11:33:11 [main] WARN  com.i2i.App - Location: TURKEY
11:33:11 [main] ERROR com.i2i.App - Service: VOICE
11:33:11 [main] FATAL com.i2i.App - Amount: 1002
11:33:11 [main] INFO  com.i2i.App - MSISDN: 03198253173
11:33:11 [main] WARN  com.i2i.App - Location: EUROPE
11:33:11 [main] ERROR com.i2i.App - Service: VOICE
11:33:11 [main] FATAL com.i2i.App - Amount: 836
11:33:11 [main] INFO  com.i2i.App - MSISDN: 08974613292
11:33:11 [main] WARN  com.i2i.App - Location: NORTHAMERICA
11:33:11 [main] ERROR com.i2i.App - Service: VOICE
11:33:11 [main] FATAL com.i2i.App - Amount: 1988
11:33:11 [main] INFO  com.i2i.App - MSISDN: 02798606704
11:33:11 [main] WARN  com.i2i.App - Location: TURKEY
11:33:11 [main] ERROR com.i2i.App - Service: SMS
11:33:11 [main] FATAL com.i2i.App - Amount: 1
11:33:11 [main] INFO  com.i2i.App - MSISDN: 06579587937
11:33:11 [main] WARN  com.i2i.App - Location: TURKEY
11:33:11 [main] ERROR com.i2i.App - Service: DATA
11:33:11 [main] FATAL com.i2i.App - Amount: 350087802
11:33:11 [main] INFO  com.i2i.App - MSISDN: 04042331428
11:33:11 [main] WARN  com.i2i.App - Location: TURKEY
11:33:11 [main] ERROR com.i2i.App - Service: DATA
11:33:11 [main] FATAL com.i2i.App - Amount: 1052202860
11:33:11 [main] INFO  com.i2i.App - MSISDN: 07600448143
11:33:11 [main] WARN  com.i2i.App - Location: NORTHAMERICA
11:33:11 [main] ERROR com.i2i.App - Service: DATA
11:33:11 [main] FATAL com.i2i.App - Amount: 296024112
11:33:11 [main] INFO  com.i2i.App - MSISDN: 05422888124
11:33:11 [main] WARN  com.i2i.App - Location: EUROPE
11:33:11 [main] ERROR com.i2i.App - Service: DATA
11:33:11 [main] FATAL com.i2i.App - Amount: 524978485
11:33:11 [main] INFO  com.i2i.App - MSISDN: 07629226608
11:33:11 [main] WARN  com.i2i.App - Location: TURKEY
11:33:11 [main] ERROR com.i2i.App - Service: VOICE
11:33:11 [main] FATAL com.i2i.App - Amount: 668
11:33:11 [main] INFO  com.i2i.App - MSISDN: 03826897189
11:33:11 [main] WARN  com.i2i.App - Location: TURKEY
11:33:11 [main] ERROR com.i2i.App - Service: VOICE
11:33:11 [main] FATAL com.i2i.App - Amount: 859
11:33:11 [main] INFO  com.i2i.App - MSISDN: 05282276857
11:33:11 [main] WARN  com.i2i.App - Location: TURKEY
11:33:11 [main] ERROR com.i2i.App - Service: DATA
11:33:11 [main] FATAL com.i2i.App - Amount: 333347567
11:33:11 [main] INFO  com.i2i.App - MSISDN: 08557849989
11:33:11 [main] WARN  com.i2i.App - Location: TURKEY
11:33:11 [main] ERROR com.i2i.App - Service: SMS
11:33:11 [main] FATAL com.i2i.App - Amount: 1
11:33:11 [main] INFO  com.i2i.App - MSISDN: 07011925160
11:33:11 [main] WARN  com.i2i.App - Location: RUSSIA
11:33:11 [main] ERROR com.i2i.App - Service: VOICE
11:33:11 [main] FATAL com.i2i.App - Amount: 3428
11:33:11 [main] INFO  com.i2i.App - MSISDN: 00393599580
11:33:11 [main] WARN  com.i2i.App - Location: TURKEY
11:33:11 [main] ERROR com.i2i.App - Service: SMS
11:33:11 [main] FATAL com.i2i.App - Amount: 1
11:33:11 [main] INFO  com.i2i.App - MSISDN: 09836238636
11:33:11 [main] WARN  com.i2i.App - Location: TURKEY
11:33:11 [main] ERROR com.i2i.App - Service: DATA
11:33:11 [main] FATAL com.i2i.App - Amount: 879726153
11:33:11 [main] INFO  com.i2i.App - MSISDN: 02429931631
11:33:11 [main] WARN  com.i2i.App - Location: EUROPE
11:33:11 [main] ERROR com.i2i.App - Service: DATA
11:33:11 [main] FATAL com.i2i.App - Amount: 1083855351
11:33:11 [main] INFO  com.i2i.App - MSISDN: 07497668979
11:33:11 [main] WARN  com.i2i.App - Location: TURKEY
11:33:11 [main] ERROR com.i2i.App - Service: DATA
11:33:11 [main] FATAL com.i2i.App - Amount: 133597610
11:33:11 [main] INFO  com.i2i.App - MSISDN: 08060047037
11:33:11 [main] WARN  com.i2i.App - Location: TURKEY
11:33:11 [main] ERROR com.i2i.App - Service: SMS
11:33:11 [main] FATAL com.i2i.App - Amount: 1
11:33:11 [main] INFO  com.i2i.App - MSISDN: 03153027479
11:33:11 [main] WARN  com.i2i.App - Location: TURKEY
11:33:11 [main] ERROR com.i2i.App - Service: SMS
11:33:11 [main] FATAL com.i2i.App - Amount: 1
11:33:11 [main] INFO  com.i2i.App - MSISDN: 03897987917
11:33:11 [main] WARN  com.i2i.App - Location: TURKEY
11:33:11 [main] ERROR com.i2i.App - Service: VOICE
11:33:11 [main] FATAL com.i2i.App - Amount: 3231
11:33:11 [main] INFO  com.i2i.App - MSISDN: 00226263486
11:33:11 [main] WARN  com.i2i.App - Location: EUROPE
11:33:11 [main] ERROR com.i2i.App - Service: DATA
11:33:11 [main] FATAL com.i2i.App - Amount: 205015237
11:33:11 [main] INFO  com.i2i.App - MSISDN: 08114118739
11:33:11 [main] WARN  com.i2i.App - Location: TURKEY
11:33:11 [main] ERROR com.i2i.App - Service: VOICE
11:33:11 [main] FATAL com.i2i.App - Amount: 2856
11:33:11 [main] INFO  com.i2i.App - MSISDN: 02651203414
11:33:11 [main] WARN  com.i2i.App - Location: TURKEY
11:33:11 [main] ERROR com.i2i.App - Service: SMS
11:33:11 [main] FATAL com.i2i.App - Amount: 1
11:33:11 [main] INFO  com.i2i.App - MSISDN: 06229358113
11:33:11 [main] WARN  com.i2i.App - Location: TURKEY
11:33:11 [main] ERROR com.i2i.App - Service: VOICE
11:33:11 [main] FATAL com.i2i.App - Amount: 746
11:33:11 [main] INFO  com.i2i.App - MSISDN: 04448303045
11:33:11 [main] WARN  com.i2i.App - Location: TURKEY
11:33:11 [main] ERROR com.i2i.App - Service: DATA
11:33:11 [main] FATAL com.i2i.App - Amount: 783610408
11:33:11 [main] INFO  com.i2i.App - MSISDN: 04324427643
11:33:11 [main] WARN  com.i2i.App - Location: TURKEY
11:33:11 [main] ERROR com.i2i.App - Service: DATA
11:33:11 [main] FATAL com.i2i.App - Amount: 441371793
11:33:11 [main] INFO  com.i2i.App - MSISDN: 04389663381
11:33:11 [main] WARN  com.i2i.App - Location: TURKEY
11:33:11 [main] ERROR com.i2i.App - Service: VOICE
11:33:11 [main] FATAL com.i2i.App - Amount: 3089
11:33:11 [main] INFO  com.i2i.App - MSISDN: 09023466567
11:33:11 [main] WARN  com.i2i.App - Location: TURKEY
11:33:11 [main] ERROR com.i2i.App - Service: DATA
11:33:11 [main] FATAL com.i2i.App - Amount: 257371962
11:33:11 [main] INFO  com.i2i.App - MSISDN: 03558193871
11:33:11 [main] WARN  com.i2i.App - Location: EUROPE
11:33:11 [main] ERROR com.i2i.App - Service: VOICE
11:33:11 [main] FATAL com.i2i.App - Amount: 1047
11:33:11 [main] INFO  com.i2i.App - MSISDN: 06240357413
11:33:11 [main] WARN  com.i2i.App - Location: TURKEY
11:33:11 [main] ERROR com.i2i.App - Service: DATA
11:33:11 [main] FATAL com.i2i.App - Amount: 527929373
11:33:11 [main] INFO  com.i2i.App - MSISDN: 01678647411
11:33:11 [main] WARN  com.i2i.App - Location: MIDDLEEAST
11:33:11 [main] ERROR com.i2i.App - Service: VOICE
11:33:11 [main] FATAL com.i2i.App - Amount: 321
11:33:11 [main] INFO  com.i2i.App - MSISDN: 06707255084
11:33:11 [main] WARN  com.i2i.App - Location: TURKEY
11:33:11 [main] ERROR com.i2i.App - Service: DATA
11:33:11 [main] FATAL com.i2i.App - Amount: 224717409
11:33:11 [main] INFO  com.i2i.App - MSISDN: 06443972448
11:33:11 [main] WARN  com.i2i.App - Location: EUROPE
11:33:11 [main] ERROR com.i2i.App - Service: VOICE
11:33:11 [main] FATAL com.i2i.App - Amount: 591
11:33:11 [main] INFO  com.i2i.App - MSISDN: 07856622248
11:33:11 [main] WARN  com.i2i.App - Location: TURKEY
11:33:11 [main] ERROR com.i2i.App - Service: SMS
11:33:11 [main] FATAL com.i2i.App - Amount: 1
11:33:11 [main] INFO  com.i2i.App - MSISDN: 04525091648
11:33:11 [main] WARN  com.i2i.App - Location: TURKEY
11:33:11 [main] ERROR com.i2i.App - Service: SMS
11:33:11 [main] FATAL com.i2i.App - Amount: 1
11:33:11 [main] INFO  com.i2i.App - MSISDN: 03114646385
11:33:11 [main] WARN  com.i2i.App - Location: TURKEY
11:33:11 [main] ERROR com.i2i.App - Service: DATA
11:33:11 [main] FATAL com.i2i.App - Amount: 22585764
11:33:11 [main] INFO  com.i2i.App - MSISDN: 02014435815
11:33:11 [main] WARN  com.i2i.App - Location: TURKEY
11:33:11 [main] ERROR com.i2i.App - Service: VOICE
11:33:11 [main] FATAL com.i2i.App - Amount: 2017
11:33:11 [main] INFO  com.i2i.App - MSISDN: 03117806492
11:33:11 [main] WARN  com.i2i.App - Location: TURKEY
11:33:11 [main] ERROR com.i2i.App - Service: DATA
11:33:11 [main] FATAL com.i2i.App - Amount: 902708266
11:33:11 [main] INFO  com.i2i.App - MSISDN: 00988254909
11:33:11 [main] WARN  com.i2i.App - Location: TURKEY
11:33:11 [main] ERROR com.i2i.App - Service: SMS
