19:12:39 [main] WARN  com.i2i.App - Location: MIDDLEEAST
19:12:39 [main] ERROR com.i2i.App - Service: SMS
19:12:39 [main] FATAL com.i2i.App - Amount: 1
19:12:39 [main] INFO  com.i2i.App - MSISDN: 05561642048
19:12:39 [main] WARN  com.i2i.App - Location: EUROPE
19:12:39 [main] ERROR com.i2i.App - Service: VOICE
19:12:39 [main] FATAL com.i2i.App - Amount: 895
19:12:39 [main] INFO  com.i2i.App - MSISDN: 09663344080
19:12:39 [main] WARN  com.i2i.App - Location: RUSSIA
19:12:39 [main] ERROR com.i2i.App - Service: DATA
19:12:39 [main] FATAL com.i2i.App - Amount: 752226658
19:12:39 [main] INFO  com.i2i.App - MSISDN: 07593218769
19:12:39 [main] WARN  com.i2i.App - Location: TURKEY
19:12:39 [main] ERROR com.i2i.App - Service: SMS
19:12:39 [main] FATAL com.i2i.App - Amount: 1
19:12:39 [main] INFO  com.i2i.App - MSISDN: 07129729868
19:12:39 [main] WARN  com.i2i.App - Location: TURKEY
19:12:39 [main] ERROR com.i2i.App - Service: DATA
19:12:39 [main] FATAL com.i2i.App - Amount: 637145882
19:12:39 [main] INFO  com.i2i.App - MSISDN: 03437755453
19:12:39 [main] WARN  com.i2i.App - Location: TURKEY
19:12:39 [main] ERROR com.i2i.App - Service: SMS
19:12:39 [main] FATAL com.i2i.App - Amount: 1
19:12:39 [main] INFO  com.i2i.App - MSISDN: 09992845945
19:12:39 [main] WARN  com.i2i.App - Location: MIDDLEEAST
19:12:39 [main] ERROR com.i2i.App - Service: DATA
19:12:39 [main] FATAL com.i2i.App - Amount: 928190552
19:12:39 [main] INFO  com.i2i.App - MSISDN: 09738100996
19:12:39 [main] WARN  com.i2i.App - Location: TURKEY
19:12:39 [main] ERROR com.i2i.App - Service: SMS
19:12:39 [main] FATAL com.i2i.App - Amount: 1
19:12:39 [main] INFO  com.i2i.App - MSISDN: 08792081182
19:12:39 [main] WARN  com.i2i.App - Location: TURKEY
19:12:39 [main] ERROR com.i2i.App - Service: SMS
19:12:39 [main] FATAL com.i2i.App - Amount: 1
19:12:39 [main] INFO  com.i2i.App - MSISDN: 08983285919
19:12:39 [main] WARN  com.i2i.App - Location: TURKEY
19:12:39 [main] ERROR com.i2i.App - Service: VOICE
19:12:39 [main] FATAL com.i2i.App - Amount: 1590
19:12:39 [main] INFO  com.i2i.App - MSISDN: 07595638591
19:12:39 [main] WARN  com.i2i.App - Location: TURKEY
19:12:39 [main] ERROR com.i2i.App - Service: SMS
19:12:39 [main] FATAL com.i2i.App - Amount: 1
19:12:39 [main] INFO  com.i2i.App - MSISDN: 09630638111
19:12:39 [main] WARN  com.i2i.App - Location: TURKEY
19:12:39 [main] ERROR com.i2i.App - Service: VOICE
19:12:39 [main] FATAL com.i2i.App - Amount: 3553
19:12:39 [main] INFO  com.i2i.App - MSISDN: 06199525468
19:12:39 [main] WARN  com.i2i.App - Location: TURKEY
19:12:39 [main] ERROR com.i2i.App - Service: SMS
19:12:39 [main] FATAL com.i2i.App - Amount: 1
19:12:39 [main] INFO  com.i2i.App - MSISDN: 04992267977
19:12:39 [main] WARN  com.i2i.App - Location: NORTHAMERICA
19:12:39 [main] ERROR com.i2i.App - Service: DATA
19:12:39 [main] FATAL com.i2i.App - Amount: 1290457537
19:12:39 [main] INFO  com.i2i.App - MSISDN: 03129264411
19:12:39 [main] WARN  com.i2i.App - Location: TURKEY
19:12:39 [main] ERROR com.i2i.App - Service: DATA
19:12:39 [main] FATAL com.i2i.App - Amount: 911335308
19:12:39 [main] INFO  com.i2i.App - MSISDN: 07857161338
19:12:39 [main] WARN  com.i2i.App - Location: TURKEY
19:12:39 [main] ERROR com.i2i.App - Service: VOICE
19:12:39 [main] FATAL com.i2i.App - Amount: 2402
19:12:39 [main] INFO  com.i2i.App - MSISDN: 08975444038
19:12:39 [main] WARN  com.i2i.App - Location: NORTHERNCYPRUS
19:12:39 [main] ERROR com.i2i.App - Service: SMS
19:12:39 [main] FATAL com.i2i.App - Amount: 1
19:12:39 [main] INFO  com.i2i.App - MSISDN: 05306863718
19:12:39 [main] WARN  com.i2i.App - Location: TURKEY
19:12:39 [main] ERROR com.i2i.App - Service: DATA
19:12:39 [main] FATAL com.i2i.App - Amount: 1152995270
19:12:39 [main] INFO  com.i2i.App - MSISDN: 09189428686
19:12:39 [main] WARN  com.i2i.App - Location: TURKEY
19:12:39 [main] ERROR com.i2i.App - Service: SMS
19:12:39 [main] FATAL com.i2i.App - Amount: 1
19:12:39 [main] INFO  com.i2i.App - MSISDN: 08594726862
19:12:39 [main] WARN  com.i2i.App - Location: TURKEY
19:12:39 [main] ERROR com.i2i.App - Service: DATA
19:12:39 [main] FATAL com.i2i.App - Amount: 430299065
19:12:39 [main] INFO  com.i2i.App - MSISDN: 09825573069
19:12:39 [main] WARN  com.i2i.App - Location: TURKEY
19:12:39 [main] ERROR com.i2i.App - Service: SMS
19:12:39 [main] FATAL com.i2i.App - Amount: 1
19:12:39 [main] INFO  com.i2i.App - MSISDN: 02101053641
19:12:39 [main] WARN  com.i2i.App - Location: TURKEY
19:12:39 [main] ERROR com.i2i.App - Service: VOICE
19:12:39 [main] FATAL com.i2i.App - Amount: 1815
19:12:39 [main] INFO  com.i2i.App - MSISDN: 09564296818
19:12:39 [main] WARN  com.i2i.App - Location: TURKEY
19:12:39 [main] ERROR com.i2i.App - Service: DATA
19:12:39 [main] FATAL com.i2i.App - Amount: 1245344372
19:12:39 [main] INFO  com.i2i.App - MSISDN: 07555317065
19:12:39 [main] WARN  com.i2i.App - Location: RUSSIA
19:12:39 [main] ERROR com.i2i.App - Service: VOICE
19:12:39 [main] FATAL com.i2i.App - Amount: 2755
19:12:39 [main] INFO  com.i2i.App - MSISDN: 02514648281
19:12:39 [main] WARN  com.i2i.App - Location: OTHER
19:12:39 [main] ERROR com.i2i.App - Service: DATA
19:12:39 [main] FATAL com.i2i.App - Amount: 943171442
19:12:39 [main] INFO  com.i2i.App - MSISDN: 06500014281
19:12:39 [main] WARN  com.i2i.App - Location: TURKEY
19:12:39 [main] ERROR com.i2i.App - Service: SMS
19:12:39 [main] FATAL com.i2i.App - Amount: 1
19:12:39 [main] INFO  com.i2i.App - MSISDN: 01876059166
19:12:39 [main] WARN  com.i2i.App - Location: TURKEY
19:12:39 [main] ERROR com.i2i.App - Service: DATA
19:12:39 [main] FATAL com.i2i.App - Amount: 554122691
19:12:39 [main] INFO  com.i2i.App - MSISDN: 00223747994
19:12:39 [main] WARN  com.i2i.App - Location: RUSSIA
19:12:39 [main] ERROR com.i2i.App - Service: SMS
19:12:39 [main] FATAL com.i2i.App - Amount: 1
19:12:39 [main] INFO  com.i2i.App - MSISDN: 00371919928
19:12:39 [main] WARN  com.i2i.App - Location: NORTHAMERICA
19:12:39 [main] ERROR com.i2i.App - Service: DATA
19:12:39 [main] FATAL com.i2i.App - Amount: 1050530188
19:12:39 [main] INFO  com.i2i.App - MSISDN: 08201616600
19:12:39 [main] WARN  com.i2i.App - Location: TURKEY
19:12:39 [main] ERROR com.i2i.App - Service: DATA
19:12:39 [main] FATAL com.i2i.App - Amount: 803752309
19:12:39 [main] INFO  com.i2i.App - MSISDN: 05776714173
19:12:39 [main] WARN  com.i2i.App - Location: TURKEY
19:12:39 [main] ERROR com.i2i.App - Service: DATA
19:12:39 [main] FATAL com.i2i.App - Amount: 340626045
19:12:39 [main] INFO  com.i2i.App - MSISDN: 07469156977
19:12:39 [main] WARN  com.i2i.App - Location: TURKEY
19:12:39 [main] ERROR com.i2i.App - Service: VOICE
19:12:39 [main] FATAL com.i2i.App - Amount: 360
19:12:39 [main] INFO  com.i2i.App - MSISDN: 07141494649
19:12:39 [main] WARN  com.i2i.App - Location: TURKEY
19:12:39 [main] ERROR com.i2i.App - Service: VOICE
19:12:39 [main] FATAL com.i2i.App - Amount: 3145
19:12:39 [main] INFO  com.i2i.App - MSISDN: 06335397587
19:12:39 [main] WARN  com.i2i.App - Location: TURKEY
19:12:39 [main] ERROR com.i2i.App - Service: DATA
19:12:39 [main] FATAL com.i2i.App - Amount: 700690311
19:12:39 [main] INFO  com.i2i.App - MSISDN: 06747514958
19:12:39 [main] WARN  com.i2i.App - Location: MIDDLEEAST
19:12:39 [main] ERROR com.i2i.App - Service: DATA
19:12:39 [main] FATAL com.i2i.App - Amount: 920220101
19:12:39 [main] INFO  com.i2i.App - MSISDN: 05003107793
19:12:39 [main] WARN  com.i2i.App - Location: TURKEY
19:12:39 [main] ERROR com.i2i.App - Service: DATA
19:12:39 [main] FATAL com.i2i.App - Amount: 95182000
19:12:39 [main] INFO  com.i2i.App - MSISDN: 04893209655
19:12:39 [main] WARN  com.i2i.App - Location: TURKEY
19:12:39 [main] ERROR com.i2i.App - Service: VOICE
19:12:39 [main] FATAL com.i2i.App - Amount: 3549
19:12:39 [main] INFO  com.i2i.App - MSISDN: 04688762000
19:12:39 [main] WARN  com.i2i.App - Location: TURKEY
19:12:39 [main] ERROR com.i2i.App - Service: VOICE
19:12:39 [main] FATAL com.i2i.App - Amount: 2876
19:12:39 [main] INFO  com.i2i.App - MSISDN: 06103485537
19:12:39 [main] WARN  com.i2i.App - Location: TURKEY
19:12:39 [main] ERROR com.i2i.App - Service: SMS
19:12:39 [main] FATAL com.i2i.App - Amount: 1
19:12:39 [main] INFO  com.i2i.App - MSISDN: 07393826581
19:12:39 [main] WARN  com.i2i.App - Location: TURKEY
19:12:39 [main] ERROR com.i2i.App - Service: DATA
19:12:39 [main] FATAL com.i2i.App - Amount: 1207270837
19:12:39 [main] INFO  com.i2i.App - MSISDN: 05960311403
19:12:39 [main] WARN  com.i2i.App - Location: NORTHAMERICA
19:12:39 [main] ERROR com.i2i.App - Service: DATA
19:12:39 [main] FATAL com.i2i.App - Amount: 220292441
19:12:39 [main] INFO  com.i2i.App - MSISDN: 02699602606
19:12:39 [main] WARN  com.i2i.App - Location: NORTHERNCYPRUS
19:12:39 [main] ERROR com.i2i.App - Service: VOICE
19:12:39 [main] FATAL com.i2i.App - Amount: 1964
19:12:39 [main] INFO  com.i2i.App - MSISDN: 09114199248
19:12:39 [main] WARN  com.i2i.App - Location: TURKEY
19:12:39 [main] ERROR com.i2i.App - Service: DATA
19:12:39 [main] FATAL com.i2i.App - Amount: 253978827
19:12:39 [main] INFO  com.i2i.App - MSISDN: 01331502425
19:12:39 [main] WARN  com.i2i.App - Location: EUROPE
19:12:39 [main] ERROR com.i2i.App - Service: SMS
19:12:39 [main] FATAL com.i2i.App - Amount: 1
19:12:39 [main] INFO  com.i2i.App - MSISDN: 06539032758
19:12:39 [main] WARN  com.i2i.App - Location: TURKEY
19:12:39 [main] ERROR com.i2i.App - Service: DATA
19:12:39 [main] FATAL com.i2i.App - Amount: 85711107
19:12:39 [main] INFO  com.i2i.App - MSISDN: 01478069145
19:12:39 [main] WARN  com.i2i.App - Location: TURKEY
19:12:39 [main] ERROR com.i2i.App - Service: SMS
19:12:39 [main] FATAL com.i2i.App - Amount: 1
19:12:39 [main] INFO  com.i2i.App - MSISDN: 07987881838
19:12:39 [main] WARN  com.i2i.App - Location: EUROPE
19:12:39 [main] ERROR com.i2i.App - Service: DATA
19:12:39 [main] FATAL com.i2i.App - Amount: 743401901
19:12:39 [main] INFO  com.i2i.App - MSISDN: 07882773689
19:12:39 [main] WARN  com.i2i.App - Location: NORTHAMERICA
19:12:39 [main] ERROR com.i2i.App - Service: DATA
19:12:39 [main] FATAL com.i2i.App - Amount: 178934208
19:12:39 [main] INFO  com.i2i.App - MSISDN: 04896026099
19:12:39 [main] WARN  com.i2i.App - Location: TURKEY
19:12:39 [main] ERROR com.i2i.App - Service: SMS
19:12:39 [main] FATAL com.i2i.App - Amount: 1
19:12:39 [main] INFO  com.i2i.App - MSISDN: 01832964667
19:12:39 [main] WARN  com.i2i.App - Location: TURKEY
19:12:39 [main] ERROR com.i2i.App - Service: SMS
19:12:39 [main] FATAL com.i2i.App - Amount: 1
19:12:39 [main] INFO  com.i2i.App - MSISDN: 07682925180
19:12:39 [main] WARN  com.i2i.App - Location: NORTHERNCYPRUS
19:12:39 [main] ERROR com.i2i.App - Service: DATA
19:12:39 [main] FATAL com.i2i.App - Amount: 1270599001
19:12:39 [main] INFO  com.i2i.App - MSISDN: 04520080675
19:12:39 [main] WARN  com.i2i.App - Location: TURKEY
19:12:39 [main] ERROR com.i2i.App - Service: SMS
19:12:39 [main] FATAL com.i2i.App - Amount: 1
19:12:39 [main] INFO  com.i2i.App - MSISDN: 00843433915
19:12:39 [main] WARN  com.i2i.App - Location: EUROPE
19:12:39 [main] ERROR com.i2i.App - Service: SMS
19:12:39 [main] FATAL com.i2i.App - Amount: 1
19:12:39 [main] INFO  com.i2i.App - MSISDN: 05708671339
19:12:39 [main] WARN  com.i2i.App - Location: TURKEY
19:12:39 [main] ERROR com.i2i.App - Service: SMS
19:12:39 [main] FATAL com.i2i.App - Amount: 1
19:12:39 [main] INFO  com.i2i.App - MSISDN: 00226924042
19:12:39 [main] WARN  com.i2i.App - Location: TURKEY
19:12:39 [main] ERROR com.i2i.App - Service: DATA
19:12:39 [main] FATAL com.i2i.App - Amount: 1212154846
19:12:39 [main] INFO  com.i2i.App - MSISDN: 05818704590
19:12:39 [main] WARN  com.i2i.App - Location: TURKEY
19:12:39 [main] ERROR com.i2i.App - Service: SMS
19:12:39 [main] FATAL com.i2i.App - Amount: 1
19:12:39 [main] INFO  com.i2i.App - MSISDN: 08330556253
19:12:39 [main] WARN  com.i2i.App - Location: TURKEY
19:12:39 [main] ERROR com.i2i.App - Service: DATA
19:12:39 [main] FATAL com.i2i.App - Amount: 629815512
19:12:39 [main] INFO  com.i2i.App - MSISDN: 07775270620
19:12:39 [main] WARN  com.i2i.App - Location: TURKEY
19:12:39 [main] ERROR com.i2i.App - Service: DATA
19:12:39 [main] FATAL com.i2i.App - Amount: 686523179
19:12:39 [main] INFO  com.i2i.App - MSISDN: 02940373084
19:12:39 [main] WARN  com.i2i.App - Location: OTHER
19:12:39 [main] ERROR com.i2i.App - Service: VOICE
19:12:39 [main] FATAL com.i2i.App - Amount: 24
19:12:39 [main] INFO  com.i2i.App - MSISDN: 07226638748
19:12:39 [main] WARN  com.i2i.App - Location: OTHER
19:12:39 [main] ERROR com.i2i.App - Service: SMS
19:12:39 [main] FATAL com.i2i.App - Amount: 1
19:12:39 [main] INFO  com.i2i.App - MSISDN: 06448824653
19:12:39 [main] WARN  com.i2i.App - Location: TURKEY
19:12:39 [main] ERROR com.i2i.App - Service: DATA
19:12:39 [main] FATAL com.i2i.App - Amount: 130519310
19:12:39 [main] INFO  com.i2i.App - MSISDN: 02874059823
19:12:39 [main] WARN  com.i2i.App - Location: TURKEY
19:12:39 [main] ERROR com.i2i.App - Service: VOICE
19:12:39 [main] FATAL com.i2i.App - Amount: 368
19:12:39 [main] INFO  com.i2i.App - MSISDN: 06933252286
19:12:39 [main] WARN  com.i2i.App - Location: TURKEY
19:12:39 [main] ERROR com.i2i.App - Service: VOICE
19:12:39 [main] FATAL com.i2i.App - Amount: 2029
19:12:39 [main] INFO  com.i2i.App - MSISDN: 07584465210
19:12:39 [main] WARN  com.i2i.App - Location: TURKEY
19:12:39 [main] ERROR com.i2i.App - Service: VOICE
19:12:39 [main] FATAL com.i2i.App - Amount: 1421
19:12:39 [main] INFO  com.i2i.App - MSISDN: 07905052583
19:12:39 [main] WARN  com.i2i.App - Location: EUROPE
19:12:39 [main] ERROR com.i2i.App - Service: VOICE
19:12:39 [main] FATAL com.i2i.App - Amount: 2406
19:12:39 [main] INFO  com.i2i.App - MSISDN: 08577361603
19:12:39 [main] WARN  com.i2i.App - Location: RUSSIA
19:12:39 [main] ERROR com.i2i.App - Service: VOICE
19:12:39 [main] FATAL com.i2i.App - Amount: 1151
19:12:39 [main] INFO  com.i2i.App - MSISDN: 06372810219
19:12:39 [main] WARN  com.i2i.App - Location: EUROPE
19:12:39 [main] ERROR com.i2i.App - Service: VOICE
19:12:39 [main] FATAL com.i2i.App - Amount: 2836
19:12:39 [main] INFO  com.i2i.App - MSISDN: 00904981549
19:12:39 [main] WARN  com.i2i.App - Location: TURKEY
19:12:39 [main] ERROR com.i2i.App - Service: VOICE
19:12:39 [main] FATAL com.i2i.App - Amount: 1768
19:12:39 [main] INFO  com.i2i.App - MSISDN: 03389717083
19:12:39 [main] WARN  com.i2i.App - Location: TURKEY
19:12:39 [main] ERROR com.i2i.App - Service: VOICE
19:12:39 [main] FATAL com.i2i.App - Amount: 2227
19:12:39 [main] INFO  com.i2i.App - MSISDN: 00443402648
19:12:39 [main] WARN  com.i2i.App - Location: TURKEY
19:12:39 [main] ERROR com.i2i.App - Service: DATA
19:12:39 [main] FATAL com.i2i.App - Amount: 1199151864
19:12:39 [main] INFO  com.i2i.App - MSISDN: 04400302943
19:12:39 [main] WARN  com.i2i.App - Location: TURKEY
19:12:39 [main] ERROR com.i2i.App - Service: SMS
19:12:39 [main] FATAL com.i2i.App - Amount: 1
19:12:39 [main] INFO  com.i2i.App - MSISDN: 01005439477
19:12:39 [main] WARN  com.i2i.App - Location: TURKEY
19:12:39 [main] ERROR com.i2i.App - Service: VOICE
19:12:39 [main] FATAL com.i2i.App - Amount: 114
19:12:39 [main] INFO  com.i2i.App - MSISDN: 08816820149
19:12:39 [main] WARN  com.i2i.App - Location: TURKEY
19:12:39 [main] ERROR com.i2i.App - Service: SMS
19:12:39 [main] FATAL com.i2i.App - Amount: 1
19:12:39 [main] INFO  com.i2i.App - MSISDN: 08638381556
19:12:39 [main] WARN  com.i2i.App - Location: TURKEY
19:12:39 [main] ERROR com.i2i.App - Service: DATA
19:12:39 [main] FATAL com.i2i.App - Amount: 152917288
19:12:39 [main] INFO  com.i2i.App - MSISDN: 09821498972
19:12:39 [main] WARN  com.i2i.App - Location: TURKEY
19:12:39 [main] ERROR com.i2i.App - Service: VOICE
19:12:39 [main] FATAL com.i2i.App - Amount: 2121
19:12:39 [main] INFO  com.i2i.App - MSISDN: 04810414396
19:12:39 [main] WARN  com.i2i.App - Location: TURKEY
19:12:39 [main] ERROR com.i2i.App - Service: SMS
19:12:39 [main] FATAL com.i2i.App - Amount: 1
19:12:39 [main] INFO  com.i2i.App - MSISDN: 03479149134
19:12:39 [main] WARN  com.i2i.App - Location: TURKEY
19:12:39 [main] ERROR com.i2i.App - Service: VOICE
19:12:39 [main] FATAL com.i2i.App - Amount: 3420
19:12:39 [main] INFO  com.i2i.App - MSISDN: 08925359908
19:12:39 [main] WARN  com.i2i.App - Location: TURKEY
19:12:39 [main] ERROR com.i2i.App - Service: VOICE
19:12:39 [main] FATAL com.i2i.App - Amount: 1174
19:12:39 [main] INFO  com.i2i.App - MSISDN: 01094430143
19:12:39 [main] WARN  com.i2i.App - Location: TURKEY
19:12:39 [main] ERROR com.i2i.App - Service: VOICE
19:12:39 [main] FATAL com.i2i.App - Amount: 1355
19:12:39 [main] INFO  com.i2i.App - MSISDN: 03404926165
19:12:39 [main] WARN  com.i2i.App - Location: RUSSIA
19:12:39 [main] ERROR com.i2i.App - Service: VOICE
19:12:39 [main] FATAL com.i2i.App - Amount: 1007
19:12:39 [main] INFO  com.i2i.App - MSISDN: 02768335242
19:12:39 [main] WARN  com.i2i.App - Location: TURKEY
19:12:39 [main] ERROR com.i2i.App - Service: SMS
19:12:39 [main] FATAL com.i2i.App - Amount: 1
19:12:39 [main] INFO  com.i2i.App - MSISDN: 06411001041
19:12:39 [main] WARN  com.i2i.App - Location: NORTHAMERICA
19:12:39 [main] ERROR com.i2i.App - Service: DATA
19:12:39 [main] FATAL com.i2i.App - Amount: 1278960792
19:12:39 [main] INFO  com.i2i.App - MSISDN: 06110895469
19:12:39 [main] WARN  com.i2i.App - Location: EUROPE
19:12:39 [main] ERROR com.i2i.App - Service: VOICE
19:12:39 [main] FATAL com.i2i.App - Amount: 833
19:12:39 [main] INFO  com.i2i.App - MSISDN: 09074924097
19:12:39 [main] WARN  com.i2i.App - Location: OTHER
19:12:39 [main] ERROR com.i2i.App - Service: VOICE
19:12:39 [main] FATAL com.i2i.App - Amount: 302
19:12:39 [main] INFO  com.i2i.App - MSISDN: 06887169410
19:12:39 [main] WARN  com.i2i.App - Location: TURKEY
19:12:39 [main] ERROR com.i2i.App - Service: VOICE
19:12:39 [main] FATAL com.i2i.App - Amount: 3274
19:12:39 [main] INFO  com.i2i.App - MSISDN: 03340648586
19:12:39 [main] WARN  com.i2i.App - Location: TURKEY
19:12:39 [main] ERROR com.i2i.App - Service: VOICE
19:12:39 [main] FATAL com.i2i.App - Amount: 1110
19:12:39 [main] INFO  com.i2i.App - MSISDN: 09156751531
19:12:39 [main] WARN  com.i2i.App - Location: RUSSIA
19:12:39 [main] ERROR com.i2i.App - Service: VOICE
19:12:39 [main] FATAL com.i2i.App - Amount: 2635
19:12:39 [main] INFO  com.i2i.App - MSISDN: 05525157047
19:12:39 [main] WARN  com.i2i.App - Location: RUSSIA
19:12:39 [main] ERROR com.i2i.App - Service: VOICE
19:12:39 [main] FATAL com.i2i.App - Amount: 520
19:12:39 [main] INFO  com.i2i.App - MSISDN: 02609156130
19:12:39 [main] WARN  com.i2i.App - Location: TURKEY
19:12:39 [main] ERROR com.i2i.App - Service: DATA
19:12:39 [main] FATAL com.i2i.App - Amount: 1033201330
19:12:39 [main] INFO  com.i2i.App - MSISDN: 06718349867
19:12:39 [main] WARN  com.i2i.App - Location: TURKEY
19:12:39 [main] ERROR com.i2i.App - Service: DATA
19:12:39 [main] FATAL com.i2i.App - Amount: 1006359042
19:12:39 [main] INFO  com.i2i.App - MSISDN: 06696233078
19:12:39 [main] WARN  com.i2i.App - Location: TURKEY
19:12:39 [main] ERROR com.i2i.App - Service: VOICE
19:12:39 [main] FATAL com.i2i.App - Amount: 334
19:12:39 [main] INFO  com.i2i.App - MSISDN: 09697876732
19:12:39 [main] WARN  com.i2i.App - Location: NORTHAMERICA
19:12:39 [main] ERROR com.i2i.App - Service: DATA
19:12:39 [main] FATAL com.i2i.App - Amount: 704326643
19:12:39 [main] INFO  com.i2i.App - MSISDN: 02490439389
19:12:39 [main] WARN  com.i2i.App - Location: RUSSIA
19:12:39 [main] ERROR com.i2i.App - Service: DATA
19:12:39 [main] FATAL com.i2i.App - Amount: 1102951781
19:12:39 [main] INFO  com.i2i.App - MSISDN: 06129005003
19:12:39 [main] WARN  com.i2i.App - Location: TURKEY
19:12:39 [main] ERROR com.i2i.App - Service: SMS
19:12:39 [main] FATAL com.i2i.App - Amount: 1
19:12:39 [main] INFO  com.i2i.App - MSISDN: 05465074034
19:12:39 [main] WARN  com.i2i.App - Location: TURKEY
19:12:39 [main] ERROR com.i2i.App - Service: SMS
19:12:39 [main] FATAL com.i2i.App - Amount: 1
19:12:39 [main] INFO  com.i2i.App - MSISDN: 09385392994
19:12:39 [main] WARN  com.i2i.App - Location: TURKEY
19:12:39 [main] ERROR com.i2i.App - Service: DATA
19:12:39 [main] FATAL com.i2i.App - Amount: 444779960
19:12:39 [main] INFO  com.i2i.App - MSISDN: 09489109460
19:12:39 [main] WARN  com.i2i.App - Location: TURKEY
19:12:39 [main] ERROR com.i2i.App - Service: SMS
19:12:39 [main] FATAL com.i2i.App - Amount: 1
19:12:39 [main] INFO  com.i2i.App - MSISDN: 05531899761
19:12:39 [main] WARN  com.i2i.App - Location: TURKEY
19:12:39 [main] ERROR com.i2i.App - Service: DATA
19:12:39 [main] FATAL com.i2i.App - Amount: 481185720
19:12:39 [main] INFO  com.i2i.App - MSISDN: 03101897274
19:12:39 [main] WARN  com.i2i.App - Location: TURKEY
19:12:39 [main] ERROR com.i2i.App - Service: SMS
19:12:39 [main] FATAL com.i2i.App - Amount: 1
19:12:39 [main] INFO  com.i2i.App - MSISDN: 01598576680
19:12:39 [main] WARN  com.i2i.App - Location: TURKEY
19:12:39 [main] ERROR com.i2i.App - Service: VOICE
19:12:39 [main] FATAL com.i2i.App - Amount: 2003
19:12:39 [main] INFO  com.i2i.App - MSISDN: 06444520599
19:12:39 [main] WARN  com.i2i.App - Location: OTHER
19:12:39 [main] ERROR com.i2i.App - Service: DATA
19:12:39 [main] FATAL com.i2i.App - Amount: 768585807
19:12:39 [main] INFO  com.i2i.App - MSISDN: 09165848504
19:12:39 [main] WARN  com.i2i.App - Location: TURKEY
19:12:39 [main] ERROR com.i2i.App - Service: VOICE
19:12:39 [main] FATAL com.i2i.App - Amount: 642
19:12:39 [main] INFO  com.i2i.App - MSISDN: 01975816698
19:12:39 [main] WARN  com.i2i.App - Location: EUROPE
19:12:39 [main] ERROR com.i2i.App - Service: DATA
19:12:39 [main] FATAL com.i2i.App - Amount: 423038433
19:12:39 [main] INFO  com.i2i.App - MSISDN: 07044983927
19:12:39 [main] WARN  com.i2i.App - Location: OTHER
19:12:39 [main] ERROR com.i2i.App - Service: SMS
19:12:39 [main] FATAL com.i2i.App - Amount: 1
19:12:39 [main] INFO  com.i2i.App - MSISDN: 02914168117
19:12:39 [main] WARN  com.i2i.App - Location: TURKEY
19:12:39 [main] ERROR com.i2i.App - Service: SMS
19:12:39 [main] FATAL com.i2i.App - Amount: 1
19:12:39 [main] INFO  com.i2i.App - MSISDN: 04935376304
19:12:39 [main] WARN  com.i2i.App - Location: TURKEY
19:12:39 [main] ERROR com.i2i.App - Service: DATA
19:12:39 [main] FATAL com.i2i.App - Amount: 832084251
19:12:39 [main] INFO  com.i2i.App - MSISDN: 05132123358
19:12:39 [main] WARN  com.i2i.App - Location: TURKEY
19:12:39 [main] ERROR com.i2i.App - Service: DATA
19:12:39 [main] FATAL com.i2i.App - Amount: 531001382
19:12:39 [main] INFO  com.i2i.App - MSISDN: 02845644821
19:12:39 [main] WARN  com.i2i.App - Location: TURKEY
19:12:39 [main] ERROR com.i2i.App - Service: VOICE
19:12:39 [main] FATAL com.i2i.App - Amount: 381
19:12:39 [main] INFO  com.i2i.App - MSISDN: 07174078281
19:12:39 [main] WARN  com.i2i.App - Location: TURKEY
19:12:39 [main] ERROR com.i2i.App - Service: VOICE
19:12:39 [main] FATAL com.i2i.App - Amount: 2023
19:12:39 [main] INFO  com.i2i.App - MSISDN: 09166966218
19:12:39 [main] WARN  com.i2i.App - Location: MIDDLEEAST
19:12:39 [main] ERROR com.i2i.App - Service: VOICE
19:12:39 [main] FATAL com.i2i.App - Amount: 77
19:12:39 [main] INFO  com.i2i.App - MSISDN: 08675621382
19:12:39 [main] WARN  com.i2i.App - Location: NORTHAMERICA
19:12:39 [main] ERROR com.i2i.App - Service: DATA
19:12:39 [main] FATAL com.i2i.App - Amount: 799790932
19:12:39 [main] INFO  com.i2i.App - MSISDN: 07919434884
19:12:39 [main] WARN  com.i2i.App - Location: NORTHAMERICA
19:12:39 [main] ERROR com.i2i.App - Service: VOICE
19:12:39 [main] FATAL com.i2i.App - Amount: 1847
19:12:39 [main] INFO  com.i2i.App - MSISDN: 04758489000
19:12:39 [main] WARN  com.i2i.App - Location: RUSSIA
19:12:39 [main] ERROR com.i2i.App - Service: SMS
19:12:39 [main] FATAL com.i2i.App - Amount: 1
19:12:39 [main] INFO  com.i2i.App - MSISDN: 01525611454
19:12:39 [main] WARN  com.i2i.App - Location: MIDDLEEAST
19:12:39 [main] ERROR com.i2i.App - Service: DATA
19:12:39 [main] FATAL com.i2i.App - Amount: 350876431
19:12:39 [main] INFO  com.i2i.App - MSISDN: 07240337061
19:12:39 [main] WARN  com.i2i.App - Location: TURKEY
19:12:39 [main] ERROR com.i2i.App - Service: SMS
19:12:39 [main] FATAL com.i2i.App - Amount: 1
19:12:39 [main] INFO  com.i2i.App - MSISDN: 08953978862
19:12:39 [main] WARN  com.i2i.App - Location: MIDDLEEAST
19:12:39 [main] ERROR com.i2i.App - Service: DATA
19:12:39 [main] FATAL com.i2i.App - Amount: 793275753
19:12:39 [main] INFO  com.i2i.App - MSISDN: 04938864018
19:12:39 [main] WARN  com.i2i.App - Location: EUROPE
19:12:39 [main] ERROR com.i2i.App - Service: SMS
19:12:39 [main] FATAL com.i2i.App - Amount: 1
19:12:39 [main] INFO  com.i2i.App - MSISDN: 06415562642
19:12:39 [main] WARN  com.i2i.App - Location: TURKEY
19:12:39 [main] ERROR com.i2i.App - Service: SMS
19:12:39 [main] FATAL com.i2i.App - Amount: 1
19:12:39 [main] INFO  com.i2i.App - MSISDN: 04995253204
19:12:39 [main] WARN  com.i2i.App - Location: TURKEY
19:12:39 [main] ERROR com.i2i.App - Service: VOICE
19:12:39 [main] FATAL com.i2i.App - Amount: 905
19:12:39 [main] INFO  com.i2i.App - MSISDN: 01231665272
19:12:39 [main] WARN  com.i2i.App - Location: TURKEY
19:12:39 [main] ERROR com.i2i.App - Service: SMS
19:12:39 [main] FATAL com.i2i.App - Amount: 1
19:12:39 [main] INFO  com.i2i.App - MSISDN: 02520465664
19:12:39 [main] WARN  com.i2i.App - Location: TURKEY
19:12:39 [main] ERROR com.i2i.App - Service: VOICE
19:12:39 [main] FATAL com.i2i.App - Amount: 216
19:12:39 [main] INFO  com.i2i.App - MSISDN: 03784335976
19:12:39 [main] WARN  com.i2i.App - Location: TURKEY
19:12:39 [main] ERROR com.i2i.App - Service: SMS
19:12:39 [main] FATAL com.i2i.App - Amount: 1
19:12:39 [main] INFO  com.i2i.App - MSISDN: 03307423991
19:12:39 [main] WARN  com.i2i.App - Location: OTHER
19:12:39 [main] ERROR com.i2i.App - Service: VOICE
19:12:39 [main] FATAL com.i2i.App - Amount: 3405
19:12:39 [main] INFO  com.i2i.App - MSISDN: 05598240996
19:12:39 [main] WARN  com.i2i.App - Location: TURKEY
19:12:39 [main] ERROR com.i2i.App - Service: DATA
19:12:39 [main] FATAL com.i2i.App - Amount: 812525243
19:12:39 [main] INFO  com.i2i.App - MSISDN: 08167797339
19:12:39 [main] WARN  com.i2i.App - Location: OTHER
19:12:39 [main] ERROR com.i2i.App - Service: SMS
19:12:39 [main] FATAL com.i2i.App - Amount: 1
19:12:39 [main] INFO  com.i2i.App - MSISDN: 04996514667
19:12:39 [main] WARN  com.i2i.App - Location: TURKEY
19:12:39 [main] ERROR com.i2i.App - Service: SMS
19:12:39 [main] FATAL com.i2i.App - Amount: 1
19:12:39 [main] INFO  com.i2i.App - MSISDN: 01212202611
19:12:39 [main] WARN  com.i2i.App - Location: TURKEY
19:12:39 [main] ERROR com.i2i.App - Service: DATA
19:12:39 [main] FATAL com.i2i.App - Amount: 725025951
19:12:39 [main] INFO  com.i2i.App - MSISDN: 07901041967
19:12:39 [main] WARN  com.i2i.App - Location: NORTHERNCYPRUS
19:12:39 [main] ERROR com.i2i.App - Service: DATA
19:12:39 [main] FATAL com.i2i.App - Amount: 1225417399
19:12:39 [main] INFO  com.i2i.App - MSISDN: 06927243605
19:12:39 [main] WARN  com.i2i.App - Location: TURKEY
19:12:39 [main] ERROR com.i2i.App - Service: VOICE
19:12:39 [main] FATAL com.i2i.App - Amount: 209
19:12:39 [main] INFO  com.i2i.App - MSISDN: 09429479784
19:12:39 [main] WARN  com.i2i.App - Location: TURKEY
19:12:39 [main] ERROR com.i2i.App - Service: SMS
19:12:39 [main] FATAL com.i2i.App - Amount: 1
19:12:39 [main] INFO  com.i2i.App - MSISDN: 09156138276
19:12:39 [main] WARN  com.i2i.App - Location: TURKEY
19:12:39 [main] ERROR com.i2i.App - Service: VOICE
19:12:39 [main] FATAL com.i2i.App - Amount: 1562
19:12:39 [main] INFO  com.i2i.App - MSISDN: 06252734677
19:12:39 [main] WARN  com.i2i.App - Location: OTHER
19:12:39 [main] ERROR com.i2i.App - Service: DATA
19:12:39 [main] FATAL com.i2i.App - Amount: 158417921
19:12:39 [main] INFO  com.i2i.App - MSISDN: 04137826834
19:12:39 [main] WARN  com.i2i.App - Location: TURKEY
19:12:39 [main] ERROR com.i2i.App - Service: VOICE
19:12:39 [main] FATAL com.i2i.App - Amount: 442
19:12:39 [main] INFO  com.i2i.App - MSISDN: 07188650598
19:12:39 [main] WARN  com.i2i.App - Location: OTHER
19:12:39 [main] ERROR com.i2i.App - Service: VOICE
19:12:39 [main] FATAL com.i2i.App - Amount: 2342
19:12:39 [main] INFO  com.i2i.App - MSISDN: 05717709702
19:12:39 [main] WARN  com.i2i.App - Location: TURKEY
19:12:39 [main] ERROR com.i2i.App - Service: DATA
19:12:39 [main] FATAL com.i2i.App - Amount: 1239009018
19:12:39 [main] INFO  com.i2i.App - MSISDN: 09557281790
19:12:39 [main] WARN  com.i2i.App - Location: TURKEY
19:12:39 [main] ERROR com.i2i.App - Service: VOICE
19:12:39 [main] FATAL com.i2i.App - Amount: 451
19:12:39 [main] INFO  com.i2i.App - MSISDN: 06901835548
19:12:39 [main] WARN  com.i2i.App - Location: TURKEY
19:12:39 [main] ERROR com.i2i.App - Service: SMS
19:12:39 [main] FATAL com.i2i.App - Amount: 1
19:12:39 [main] INFO  com.i2i.App - MSISDN: 02990669965
19:12:39 [main] WARN  com.i2i.App - Location: TURKEY
19:12:39 [main] ERROR com.i2i.App - Service: SMS
19:12:39 [main] FATAL com.i2i.App - Amount: 1
19:12:39 [main] INFO  com.i2i.App - MSISDN: 00548130932
19:12:39 [main] WARN  com.i2i.App - Location: TURKEY
19:12:39 [main] ERROR com.i2i.App - Service: VOICE
19:12:39 [main] FATAL com.i2i.App - Amount: 1343
19:12:39 [main] INFO  com.i2i.App - MSISDN: 06490581349
19:12:39 [main] WARN  com.i2i.App - Location: TURKEY
19:12:39 [main] ERROR com.i2i.App - Service: SMS
19:12:39 [main] FATAL com.i2i.App - Amount: 1
19:12:39 [main] INFO  com.i2i.App - MSISDN: 02794734089
19:12:39 [main] WARN  com.i2i.App - Location: TURKEY
19:12:39 [main] ERROR com.i2i.App - Service: VOICE
19:12:39 [main] FATAL com.i2i.App - Amount: 1870
19:12:39 [main] INFO  com.i2i.App - MSISDN: 06952559185
19:12:39 [main] WARN  com.i2i.App - Location: TURKEY
19:12:39 [main] ERROR com.i2i.App - Service: VOICE
19:12:39 [main] FATAL com.i2i.App - Amount: 2088
19:12:39 [main] INFO  com.i2i.App - MSISDN: 08607862117
19:12:39 [main] WARN  com.i2i.App - Location: NORTHERNCYPRUS
19:12:39 [main] ERROR com.i2i.App - Service: VOICE
19:12:39 [main] FATAL com.i2i.App - Amount: 2782
19:12:39 [main] INFO  com.i2i.App - MSISDN: 01254841034
19:12:39 [main] WARN  com.i2i.App - Location: OTHER
19:12:39 [main] ERROR com.i2i.App - Service: VOICE
19:12:39 [main] FATAL com.i2i.App - Amount: 1747
19:12:39 [main] INFO  com.i2i.App - MSISDN: 09247760335
19:12:39 [main] WARN  com.i2i.App - Location: OTHER
19:12:39 [main] ERROR com.i2i.App - Service: VOICE
19:12:39 [main] FATAL com.i2i.App - Amount: 100
19:12:39 [main] INFO  com.i2i.App - MSISDN: 09441058728
19:12:39 [main] WARN  com.i2i.App - Location: TURKEY
19:12:39 [main] ERROR com.i2i.App - Service: SMS
19:12:39 [main] FATAL com.i2i.App - Amount: 1
19:12:39 [main] INFO  com.i2i.App - MSISDN: 04938090011
19:12:39 [main] WARN  com.i2i.App - Location: TURKEY
19:12:39 [main] ERROR com.i2i.App - Service: SMS
19:12:39 [main] FATAL com.i2i.App - Amount: 1
19:12:39 [main] INFO  com.i2i.App - MSISDN: 09711888493
19:12:39 [main] WARN  com.i2i.App - Location: TURKEY
19:12:39 [main] ERROR com.i2i.App - Service: DATA
19:12:39 [main] FATAL com.i2i.App - Amount: 741506491
19:12:39 [main] INFO  com.i2i.App - MSISDN: 00552586934
19:12:39 [main] WARN  com.i2i.App - Location: TURKEY
19:12:39 [main] ERROR com.i2i.App - Service: VOICE
19:12:39 [main] FATAL com.i2i.App - Amount: 2432
19:12:39 [main] INFO  com.i2i.App - MSISDN: 09750589317
19:12:39 [main] WARN  com.i2i.App - Location: TURKEY
19:12:39 [main] ERROR com.i2i.App - Service: SMS
19:12:39 [main] FATAL com.i2i.App - Amount: 1
19:12:39 [main] INFO  com.i2i.App - MSISDN: 05538060922
19:12:39 [main] WARN  com.i2i.App - Location: MIDDLEEAST
19:12:39 [main] ERROR com.i2i.App - Service: VOICE
19:12:39 [main] FATAL com.i2i.App - Amount: 551
19:12:39 [main] INFO  com.i2i.App - MSISDN: 03312463266
19:12:39 [main] WARN  com.i2i.App - Location: RUSSIA
19:12:39 [main] ERROR com.i2i.App - Service: VOICE
19:12:39 [main] FATAL com.i2i.App - Amount: 2370
19:12:39 [main] INFO  com.i2i.App - MSISDN: 02898090118
19:12:39 [main] WARN  com.i2i.App - Location: TURKEY
19:12:39 [main] ERROR com.i2i.App - Service: SMS
19:12:39 [main] FATAL com.i2i.App - Amount: 1
19:12:39 [main] INFO  com.i2i.App - MSISDN: 01684819930
19:12:39 [main] WARN  com.i2i.App - Location: TURKEY
19:12:39 [main] ERROR com.i2i.App - Service: SMS
19:12:39 [main] FATAL com.i2i.App - Amount: 1
19:12:39 [main] INFO  com.i2i.App - MSISDN: 00550728922
19:12:39 [main] WARN  com.i2i.App - Location: TURKEY
19:12:39 [main] ERROR com.i2i.App - Service: SMS
19:12:39 [main] FATAL com.i2i.App - Amount: 1
19:12:39 [main] INFO  com.i2i.App - MSISDN: 07207148881
19:12:39 [main] WARN  com.i2i.App - Location: TURKEY
19:12:39 [main] ERROR com.i2i.App - Service: SMS
19:12:39 [main] FATAL com.i2i.App - Amount: 1
19:12:39 [main] INFO  com.i2i.App - MSISDN: 04293436948
19:12:39 [main] WARN  com.i2i.App - Location: NORTHERNCYPRUS
19:12:39 [main] ERROR com.i2i.App - Service: VOICE
19:12:39 [main] FATAL com.i2i.App - Amount: 2470
19:12:39 [main] INFO  com.i2i.App - MSISDN: 09382913784
19:12:39 [main] WARN  com.i2i.App - Location: TURKEY
19:12:39 [main] ERROR com.i2i.App - Service: DATA
19:12:39 [main] FATAL com.i2i.App - Amount: 1050423108
19:12:39 [main] INFO  com.i2i.App - MSISDN: 03128278122
19:12:39 [main] WARN  com.i2i.App - Location: TURKEY
19:12:39 [main] ERROR com.i2i.App - Service: DATA
19:12:39 [main] FATAL com.i2i.App - Amount: 576466255
19:12:39 [main] INFO  com.i2i.App - MSISDN: 07779300980
19:12:39 [main] WARN  com.i2i.App - Location: TURKEY
19:12:39 [main] ERROR com.i2i.App - Service: VOICE
19:12:39 [main] FATAL com.i2i.App - Amount: 1390
19:12:39 [main] INFO  com.i2i.App - MSISDN: 06328300689
19:12:39 [main] WARN  com.i2i.App - Location: TURKEY
19:12:39 [main] ERROR com.i2i.App - Service: DATA
19:12:39 [main] FATAL com.i2i.App - Amount: 920397562
19:12:39 [main] INFO  com.i2i.App - MSISDN: 01523393743
19:12:39 [main] WARN  com.i2i.App - Location: TURKEY
19:12:39 [main] ERROR com.i2i.App - Service: VOICE
19:12:39 [main] FATAL com.i2i.App - Amount: 1629
19:12:39 [main] INFO  com.i2i.App - MSISDN: 06180459807
19:12:39 [main] WARN  com.i2i.App - Location: RUSSIA
19:12:39 [main] ERROR com.i2i.App - Service: DATA
19:12:39 [main] FATAL com.i2i.App - Amount: 557122650
19:12:39 [main] INFO  com.i2i.App - MSISDN: 09393190294
19:12:39 [main] WARN  com.i2i.App - Location: TURKEY
19:12:39 [main] ERROR com.i2i.App - Service: DATA
19:12:39 [main] FATAL com.i2i.App - Amount: 967264922
19:12:39 [main] INFO  com.i2i.App - MSISDN: 01633232209
19:12:39 [main] WARN  com.i2i.App - Location: RUSSIA
19:12:39 [main] ERROR com.i2i.App - Service: DATA
19:12:39 [main] FATAL com.i2i.App - Amount: 440003941
19:12:39 [main] INFO  com.i2i.App - MSISDN: 09515468651
19:12:39 [main] WARN  com.i2i.App - Location: TURKEY
19:12:39 [main] ERROR com.i2i.App - Service: SMS
19:12:39 [main] FATAL com.i2i.App - Amount: 1
19:12:39 [main] INFO  com.i2i.App - MSISDN: 02835643719
19:12:39 [main] WARN  com.i2i.App - Location: TURKEY
19:12:39 [main] ERROR com.i2i.App - Service: DATA
19:12:39 [main] FATAL com.i2i.App - Amount: 435686839
19:12:39 [main] INFO  com.i2i.App - MSISDN: 06877607013
19:12:39 [main] WARN  com.i2i.App - Location: TURKEY
19:12:39 [main] ERROR com.i2i.App - Service: SMS
19:12:39 [main] FATAL com.i2i.App - Amount: 1
19:12:39 [main] INFO  com.i2i.App - MSISDN: 06961452253
19:12:39 [main] WARN  com.i2i.App - Location: TURKEY
19:12:39 [main] ERROR com.i2i.App - Service: VOICE
19:12:39 [main] FATAL com.i2i.App - Amount: 182
19:12:39 [main] INFO  com.i2i.App - MSISDN: 03310205089
19:12:39 [main] WARN  com.i2i.App - Location: EUROPE
19:12:39 [main] ERROR com.i2i.App - Service: VOICE
19:12:39 [main] FATAL com.i2i.App - Amount: 3449
19:12:39 [main] INFO  com.i2i.App - MSISDN: 08011927145
19:12:39 [main] WARN  com.i2i.App - Location: TURKEY
19:12:39 [main] ERROR com.i2i.App - Service: VOICE
19:12:39 [main] FATAL com.i2i.App - Amount: 1631
19:12:39 [main] INFO  com.i2i.App - MSISDN: 04423709803
19:12:39 [main] WARN  com.i2i.App - Location: MIDDLEEAST
19:12:39 [main] ERROR com.i2i.App - Service: SMS
19:12:39 [main] FATAL com.i2i.App - Amount: 1
19:12:39 [main] INFO  com.i2i.App - MSISDN: 02233107739
19:12:39 [main] WARN  com.i2i.App - Location: TURKEY
19:12:39 [main] ERROR com.i2i.App - Service: VOICE
19:12:39 [main] FATAL com.i2i.App - Amount: 86
19:12:39 [main] INFO  com.i2i.App - MSISDN: 04591116770
19:12:39 [main] WARN  com.i2i.App - Location: TURKEY
19:12:39 [main] ERROR com.i2i.App - Service: SMS
19:12:39 [main] FATAL com.i2i.App - Amount: 1
19:12:39 [main] INFO  com.i2i.App - MSISDN: 05114911004
19:12:39 [main] WARN  com.i2i.App - Location: TURKEY
19:12:39 [main] ERROR com.i2i.App - Service: DATA
19:12:39 [main] FATAL com.i2i.App - Amount: 1146187811
19:12:39 [main] INFO  com.i2i.App - MSISDN: 00913693159
19:12:39 [main] WARN  com.i2i.App - Location: TURKEY
19:12:39 [main] ERROR com.i2i.App - Service: DATA
19:12:39 [main] FATAL com.i2i.App - Amount: 232149524
19:12:39 [main] INFO  com.i2i.App - MSISDN: 06983097214
19:12:39 [main] WARN  com.i2i.App - Location: TURKEY
19:12:39 [main] ERROR com.i2i.App - Service: VOICE
19:12:39 [main] FATAL com.i2i.App - Amount: 2455
19:12:39 [main] INFO  com.i2i.App - MSISDN: 08168999747
19:12:39 [main] WARN  com.i2i.App - Location: TURKEY
19:12:39 [main] ERROR com.i2i.App - Service: VOICE
19:12:39 [main] FATAL com.i2i.App - Amount: 3335
19:12:39 [main] INFO  com.i2i.App - MSISDN: 05563382146
19:12:39 [main] WARN  com.i2i.App - Location: EUROPE
19:12:39 [main] ERROR com.i2i.App - Service: SMS
19:12:39 [main] FATAL com.i2i.App - Amount: 1
19:12:39 [main] INFO  com.i2i.App - MSISDN: 02573193717
19:12:39 [main] WARN  com.i2i.App - Location: MIDDLEEAST
19:12:39 [main] ERROR com.i2i.App - Service: SMS
19:12:39 [main] FATAL com.i2i.App - Amount: 1
19:12:39 [main] INFO  com.i2i.App - MSISDN: 02367777113
19:12:39 [main] WARN  com.i2i.App - Location: TURKEY
19:12:39 [main] ERROR com.i2i.App - Service: DATA
19:12:39 [main] FATAL com.i2i.App - Amount: 133520353
19:12:39 [main] INFO  com.i2i.App - MSISDN: 02385949398
19:12:39 [main] WARN  com.i2i.App - Location: MIDDLEEAST
19:12:39 [main] ERROR com.i2i.App - Service: SMS
19:12:39 [main] FATAL com.i2i.App - Amount: 1
19:12:39 [main] INFO  com.i2i.App - MSISDN: 06891133989
19:12:39 [main] WARN  com.i2i.App - Location: TURKEY
19:12:39 [main] ERROR com.i2i.App - Service: VOICE
19:12:39 [main] FATAL com.i2i.App - Amount: 1085
19:12:39 [main] INFO  com.i2i.App - MSISDN: 02197746510
19:12:39 [main] WARN  com.i2i.App - Location: TURKEY
19:12:39 [main] ERROR com.i2i.App - Service: DATA
19:12:39 [main] FATAL com.i2i.App - Amount: 443139468
19:12:39 [main] INFO  com.i2i.App - MSISDN: 05488938765
19:12:39 [main] WARN  com.i2i.App - Location: TURKEY
19:12:39 [main] ERROR com.i2i.App - Service: SMS
19:12:39 [main] FATAL com.i2i.App - Amount: 1
19:12:39 [main] INFO  com.i2i.App - MSISDN: 02655961124
19:12:39 [main] WARN  com.i2i.App - Location: TURKEY
19:12:39 [main] ERROR com.i2i.App - Service: VOICE
19:12:39 [main] FATAL com.i2i.App - Amount: 3284
19:12:39 [main] INFO  com.i2i.App - MSISDN: 09687940629
19:12:39 [main] WARN  com.i2i.App - Location: NORTHAMERICA
19:12:39 [main] ERROR com.i2i.App - Service: SMS
19:12:39 [main] FATAL com.i2i.App - Amount: 1
19:12:39 [main] INFO  com.i2i.App - MSISDN: 09346198660
19:12:39 [main] WARN  com.i2i.App - Location: EUROPE
19:12:39 [main] ERROR com.i2i.App - Service: VOICE
19:12:39 [main] FATAL com.i2i.App - Amount: 998
19:12:39 [main] INFO  com.i2i.App - MSISDN: 09437160309
19:12:39 [main] WARN  com.i2i.App - Location: TURKEY
19:12:39 [main] ERROR com.i2i.App - Service: DATA
19:12:39 [main] FATAL com.i2i.App - Amount: 1116022319
19:12:39 [main] INFO  com.i2i.App - MSISDN: 01481186005
19:12:39 [main] WARN  com.i2i.App - Location: NORTHERNCYPRUS
19:12:39 [main] ERROR com.i2i.App - Service: VOICE
19:12:39 [main] FATAL com.i2i.App - Amount: 2130
19:12:39 [main] INFO  com.i2i.App - MSISDN: 07077877128
19:12:39 [main] WARN  com.i2i.App - Location: NORTHERNCYPRUS
19:12:39 [main] ERROR com.i2i.App - Service: DATA
19:12:39 [main] FATAL com.i2i.App - Amount: 932868837
19:12:39 [main] INFO  com.i2i.App - MSISDN: 04776208864
19:12:39 [main] WARN  com.i2i.App - Location: OTHER
19:12:39 [main] ERROR com.i2i.App - Service: DATA
19:12:39 [main] FATAL com.i2i.App - Amount: 1071145611
19:12:39 [main] INFO  com.i2i.App - MSISDN: 05789295239
19:12:39 [main] WARN  com.i2i.App - Location: TURKEY
19:12:39 [main] ERROR com.i2i.App - Service: SMS
19:12:39 [main] FATAL com.i2i.App - Amount: 1
19:12:39 [main] INFO  com.i2i.App - MSISDN: 09430994022
19:12:39 [main] WARN  com.i2i.App - Location: TURKEY
19:12:39 [main] ERROR com.i2i.App - Service: VOICE
19:12:39 [main] FATAL com.i2i.App - Amount: 573
19:12:39 [main] INFO  com.i2i.App - MSISDN: 04542917122
19:12:39 [main] WARN  com.i2i.App - Location: NORTHAMERICA
19:12:39 [main] ERROR com.i2i.App - Service: SMS
19:12:39 [main] FATAL com.i2i.App - Amount: 1
19:12:39 [main] INFO  com.i2i.App - MSISDN: 00877784368
19:12:39 [main] WARN  com.i2i.App - Location: EUROPE
19:12:39 [main] ERROR com.i2i.App - Service: SMS
19:12:39 [main] FATAL com.i2i.App - Amount: 1
19:12:39 [main] INFO  com.i2i.App - MSISDN: 01597643561
19:12:39 [main] WARN  com.i2i.App - Location: TURKEY
19:12:39 [main] ERROR com.i2i.App - Service: SMS
19:12:39 [main] FATAL com.i2i.App - Amount: 1
19:12:39 [main] INFO  com.i2i.App - MSISDN: 03149206702
19:12:39 [main] WARN  com.i2i.App - Location: RUSSIA
19:12:39 [main] ERROR com.i2i.App - Service: SMS
19:12:39 [main] FATAL com.i2i.App - Amount: 1
19:12:39 [main] INFO  com.i2i.App - MSISDN: 07132129724
19:12:39 [main] WARN  com.i2i.App - Location: NORTHAMERICA
19:12:39 [main] ERROR com.i2i.App - Service: SMS
19:12:39 [main] FATAL com.i2i.App - Amount: 1
19:12:39 [main] INFO  com.i2i.App - MSISDN: 06522965340
19:12:39 [main] WARN  com.i2i.App - Location: TURKEY
19:12:39 [main] ERROR com.i2i.App - Service: DATA
19:12:39 [main] FATAL com.i2i.App - Amount: 742773777
19:12:39 [main] INFO  com.i2i.App - MSISDN: 01861772957
19:12:39 [main] WARN  com.i2i.App - Location: TURKEY
19:12:39 [main] ERROR com.i2i.App - Service: VOICE
19:12:39 [main] FATAL com.i2i.App - Amount: 791
19:12:39 [main] INFO  com.i2i.App - MSISDN: 05260304816
19:12:39 [main] WARN  com.i2i.App - Location: OTHER
19:12:39 [main] ERROR com.i2i.App - Service: VOICE
19:12:39 [main] FATAL com.i2i.App - Amount: 3439
19:12:39 [main] INFO  com.i2i.App - MSISDN: 09559967204
19:12:39 [main] WARN  com.i2i.App - Location: TURKEY
19:12:39 [main] ERROR com.i2i.App - Service: VOICE
19:12:39 [main] FATAL com.i2i.App - Amount: 358
19:12:39 [main] INFO  com.i2i.App - MSISDN: 01799858033
19:12:39 [main] WARN  com.i2i.App - Location: OTHER
19:12:39 [main] ERROR com.i2i.App - Service: DATA
19:12:39 [main] FATAL com.i2i.App - Amount: 297759294
19:12:39 [main] INFO  com.i2i.App - MSISDN: 06941493365
19:12:39 [main] WARN  com.i2i.App - Location: TURKEY
19:12:39 [main] ERROR com.i2i.App - Service: SMS
19:12:39 [main] FATAL com.i2i.App - Amount: 1
19:12:39 [main] INFO  com.i2i.App - MSISDN: 07864914271
19:12:39 [main] WARN  com.i2i.App - Location: TURKEY
19:12:39 [main] ERROR com.i2i.App - Service: VOICE
19:12:39 [main] FATAL com.i2i.App - Amount: 2951
19:12:39 [main] INFO  com.i2i.App - MSISDN: 09205705316
19:12:39 [main] WARN  com.i2i.App - Location: TURKEY
19:12:39 [main] ERROR com.i2i.App - Service: VOICE
19:12:39 [main] FATAL com.i2i.App - Amount: 445
19:12:39 [main] INFO  com.i2i.App - MSISDN: 00725611948
19:12:39 [main] WARN  com.i2i.App - Location: NORTHERNCYPRUS
19:12:39 [main] ERROR com.i2i.App - Service: DATA
19:12:39 [main] FATAL com.i2i.App - Amount: 817518593
19:12:39 [main] INFO  com.i2i.App - MSISDN: 02333380860
19:12:39 [main] WARN  com.i2i.App - Location: NORTHERNCYPRUS
19:12:39 [main] ERROR com.i2i.App - Service: DATA
19:12:39 [main] FATAL com.i2i.App - Amount: 361590295
19:12:39 [main] INFO  com.i2i.App - MSISDN: 03308364311
19:12:39 [main] WARN  com.i2i.App - Location: OTHER
19:12:39 [main] ERROR com.i2i.App - Service: SMS
19:12:39 [main] FATAL com.i2i.App - Amount: 1
19:12:39 [main] INFO  com.i2i.App - MSISDN: 09142130823
19:12:39 [main] WARN  com.i2i.App - Location: MIDDLEEAST
19:12:39 [main] ERROR com.i2i.App - Service: VOICE
19:12:39 [main] FATAL com.i2i.App - Amount: 1195
19:12:39 [main] INFO  com.i2i.App - MSISDN: 02984333852
19:12:39 [main] WARN  com.i2i.App - Location: TURKEY
19:12:39 [main] ERROR com.i2i.App - Service: DATA
19:12:39 [main] FATAL com.i2i.App - Amount: 279718779
19:12:39 [main] INFO  com.i2i.App - MSISDN: 08035997836
